24027319637
4 26
63 78
99 33331
111 33318
113 33239
124 33223
173 33199
194 201
211 1191
220 774
226 676
375 422
504 660
518 520
541 597
577 594
777 1008
797 860
800 848
835 841
874 895
900 1000
917 991
963 980
1013 1033
1050 1139
1213 33181
1228 1238
1249 1256
1266 1287
1294 1356
1362 1442
1413 1438
1499 1544
1507 1531
1571 1581
1585 1795
1627 1636
1649 1772
1654 1699
1718 1719
1788 1794
1804 1883
1886 1922
1970 2079
2006 2015
2091 33179
2093 33160
2105 2127
2131 33141
2132 33128
2148 33112
2163 33104
2172 33097
2252 33072
2278 33050
2284 33022
2300 33014
2320 2322
2445 2464
2505 33010
2585 32987
2611 2655
2670 2691
2693 32978
2709 3394
2742 2755
2800 3297
2838 2842
2876 3132
2964 3021
2969 2978
3033 3082
3083 3113
3148 3156
3265 3283
3314 3390
3368 3370
3444 3455
3472 32976
3493 3494
3562 3588
3595 3643
3627 3637
3666 27512
3687 3706
3728 3744
3750 20745
3838 3883
3884 4712
3913 3921
3939 4302
3955 4119
3994 4111
4001 4005
4007 4008
4035 4045
4061 4075
4071 4073
4091 4103
4212 4262
4224 4251
4254 4258
4294 4298
4326 4683
4329 4682
4352 4552
4354 4542
4359 4435
4517 4540
4570 4678
4623 4650
4720 20716
4737 5439
4747 5433
4786 5408
4816 4839
4854 4870
4898 5080
4990 5009
5031 5035
5084 5152
5190 5191
5220 5301
5238 5242
5259 5279
5328 5388
5347 5359
5453 5808
5469 5474
5502 5773
5517 5731
5533 5628
5540 5598
5555 5571
5688 5698
5736 5763
5822 5846
5880 20715
5896 20712
5975 20700
6024 6050
6061 20617
6064 20606
6074 6105
6086 6088
6122 17488
6124 9828
6250 7217
6284 6413
6434 7185
6521 6530
6533 7172
6540 7166
6543 6701
6560 6652
6598 6629
6698 6700
6725 6774
6820 7070
6828 6949
6976 6986
7072 7135
7097 7102
7204 7210
7232 7273
7296 7312
7327 9785
7340 9740
7372 7403
7415 9629
7420 9575
7479 7506
7508 7518
7577 9243
7606 9224
7618 7635
7647 7667
7685 9212
7753 7756
7812 9185
7822 7852
7860 7862
7863 7914
7952 9137
7958 7960
7970 9080
8028 8735
8030 8033
8055 8640
8106 8603
8139 8194
8154 8177
8271 8484
8281 8480
8282 8295
8324 8391
8349 8353
8463 8464
8490 8534
8552 8561
8652 8709
8744 9079
8767 8775
8799 9020
8830 8962
8838 8902
8842 8862
9007 9015
9029 9063
9251 9354
9273 9296
9397 9561
9413 9418
9512 9553
9636 9710
9693 9700
9743 9755
9764 9779
9799 9827
9830 17487
9970 17311
10028 10146
10030 10040
10079 10110
10159 17276
10175 17271
10183 16375
10194 12232
10199 11244
10201 11163
10312 10374
10382 10445
10447 10463
10474 11109
10530 10549
10571 10588
10647 10688
10667 10678
10701 10717
10755 10758
10777 10783
10829 11038
10850 10967
10895 10954
10971 11011
10990 11000
11120 11159
11169 11187
11260 11557
11285 11549
11303 11334
11359 11404
11509 11514
11585 11705
11596 11597
11604 11637
11728 12227
11757 12077
11787 11819
11838 12060
11845 11873
11900 11903
11930 11937
11945 11964
11992 12043
11999 12005
12036 12042
12118 12221
12154 12188
12236 16360
12242 16352
12243 16348
12279 12343
12308 12312
12373 16073
12380 12499
12409 12465
12500 16065
12522 12545
12579 13264
12590 13115
12616 12758
12673 12752
12681 12687
12715 12724
12774 12969
12785 12793
12796 12840
12884 12921
12994 13071
13010 13068
13147 13184
13150 13180
13155 13162
13280 13302
13323 13575
13338 13571
13352 13369
13394 13567
13397 13512
13422 13439
13459 13463
13483 13484
13490 13491
13615 15886
13620 14421
13622 13627
13649 13907
13663 13702
13664 13683
13714 13722
13759 13789
13803 13877
13816 13853
13863 13876
13957 14280
13991 14231
14008 14081
14012 14064
14082 14205
14091 14196
14126 14166
14155 14157
14208 14222
14261 14264
14266 14279
14334 14337
14341 14387
14362 14383
14431 14908
14434 14601
14533 14580
14604 14644
14613 14629
14662 14704
14782 14813
14826 14903
14868 14899
14919 15696
14939 14961
14964 15685
15027 15335
15028 15309
15033 15092
15040 15041
15122 15196
15145 15192
15154 15185
15210 15235
15248 15302
15267 15295
15271 15283
15272 15274
15371 15372
15402 15675
15405 15673
15419 15644
15427 15518
15466 15484
15537 15564
15567 15633
15743 15873
15776 15804
15823 15846
15900 16036
15903 16018
15904 15931
15947 15998
16079 16151
16158 16313
16178 16294
16232 16257
16241 16248
16249 16254
16382 17263
16414 17216
16421 16711
16441 16510
16461 16497
16516 16640
16575 16631
16587 16615
16657 16674
16716 16726
16770 16776
16783 17187
16828 17155
16845 17088
16852 17032
16855 17011
16863 16941
16983 16985
17033 17038
17051 17080
17106 17123
17368 17395
17418 17419
17430 17438
17432 17434
17504 17517
17505 17511
17524 20183
17542 19912
17659 17675
17764 17811
17765 17810
17829 17863
17851 17856
17880 19886
17907 19872
17935 17976
17999 19769
18035 18962
18067 18112
18144 18162
18182 18947
18206 18941
18213 18305
18254 18270
18315 18913
18316 18657
18323 18369
18335 18358
18418 18431
18438 18580
18467 18527
18468 18503
18476 18501
18519 18524
18537 18575
18599 18607
18600 18603
18630 18634
18698 18720
18738 18755
18834 18908
18841 18852
18860 18872
18881 18886
18983 19437
19030 19149
19112 19146
19156 19283
19179 19184
19213 19218
19224 19282
19299 19434
19323 19367
19449 19762
19462 19483
19552 19572
19581 19758
19648 19731
19662 19676
19680 19699
19711 19717
19780 19844
19939 19950
19959 20130
19984 20011
20037 20062
20091 20101
20123 20126
20165 20176
20197 20559
20211 20226
20227 20410
20239 20362
20262 20310
20268 20271
20333 20341
20385 20390
20474 20505
20475 20480
20476 20479
20583 20584
20630 20697
20651 20658
20757 20975
20761 20889
20762 20874
20797 20809
20847 20855
20946 20971
20984 21307
20988 21235
20998 21209
21059 21186
21061 21100
21141 21150
21312 26849
21317 21456
21346 21422
21381 21410
21476 26840
21509 26651
21525 24480
21546 21562
21569 24461
21595 24458
21597 24389
21603 22361
21631 21663
21660 21661
21690 21698
21742 22287
21788 21792
21796 22260
21798 22256
21799 22252
21812 21846
21852 22141
21855 22116
21869 22112
21878 22016
21902 21933
21935 21937
21943 21946
21959 22015
21979 21990
22007 22010
22050 22079
22150 22153
22166 22171
22220 22230
22292 22306
22317 22349
22341 22346
22413 24378
22461 22773
22483 22594
22492 22518
22508 22513
22533 22557
22578 22581
22600 22648
22606 22635
22649 22702
22665 22668
22675 22679
22723 22761
22789 22834
22793 22800
22837 24374
22850 23017
22897 23001
22898 22965
23021 24176
23024 23103
23055 23073
23077 23079
23098 23100
23112 24162
23123 23143
23150 23220
23165 23188
23241 24149
23262 23265
23267 24148
23318 23937
23326 23901
23345 23898
23351 23361
23377 23856
23387 23389
23390 23406
23409 23764
23411 23735
23436 23438
23448 23728
23489 23720
23552 23718
23556 23623
23574 23602
23628 23632
23639 23709
23644 23701
23648 23658
23690 23692
23739 23740
23780 23795
23827 23855
23834 23840
23939 24116
23961 24084
23973 24047
23982 24042
24018 24020
24028 24030
24094 24102
24193 24272
24200 24269
24217 24225
24228 24252
24235 24249
24282 24367
24313 24321
24394 24442
24509 24528
24533 24616
24547 24613
24548 24570
24550 24554
24580 24608
24628 26634
24638 26133
24670 24719
24763 26074
24772 24793
24799 24838
24811 24822
24851 25068
24878 24905
24920 25028
24927 24937
24941 25026
24944 25025
24994 24996
25002 25012
25079 25615
25087 25101
25110 25609
25114 25604
25116 25594
25150 25241
25158 25172
25175 25183
25217 25228
25246 25282
25266 25276
25285 25391
25301 25377
25308 25368
25334 25348
25402 25582
25410 25506
25429 25482
25439 25478
25457 25460
25516 25575
25648 26016
25651 26003
25661 26002
25663 25666
25678 25946
25683 25928
25698 25925
25722 25814
25734 25738
25788 25803
25819 25853
25829 25835
25887 25901
25895 25896
25974 25977
26006 26015
26010 26012
26020 26025
26048 26068
26096 26131
26140 26622
26150 26588
26164 26181
26191 26568
26192 26197
26201 26493
26245 26420
26251 26413
26298 26410
26302 26397
26310 26384
26315 26335
26337 26366
26422 26475
26446 26463
26451 26456
26510 26520
26609 26611
26659 26745
26663 26735
26680 26734
26715 26730
26749 26755
26761 26827
26769 26770
26778 26789
26807 26815
26853 26889
26864 26867
26901 27247
26903 26911
26924 27230
26936 26937
26944 27225
26963 27133
26996 27016
27004 27011
27018 27104
27020 27048
27039 27041
27053 27055
27075 27090
27117 27129
27172 27204
27192 27202
27267 27495
27283 27482
27284 27425
27298 27304
27313 27420
27346 27350
27366 27375
27392 27394
27395 27410
27443 27467
27459 27463
27552 32955
27556 27609
27558 27562
27564 27591
27578 27582
27625 27674
27648 27657
27678 32936
27710 27828
27723 27812
27730 27805
27733 27801
27736 27796
27749 27792
27816 27822
27852 27894
27940 32922
27963 32921
27967 27981
27974 27975
27986 32917
27990 32902
28030 32895
28035 32881
28042 32848
28046 28181
28061 28140
28087 28133
28092 28103
28146 28147
28185 32832
28190 32829
28194 32823
28206 28223
28231 28255
28257 32819
28264 32777
28270 28281
28284 28298
28311 32653
28351 32318
28356 32304
28364 32169
28368 28370
28382 28779
28394 28737
28399 28736
28417 28729
28443 28661
28463 28496
28503 28655
28525 28573
28587 28650
28589 28622
28594 28614
28623 28640
28625 28637
28675 28679
28696 28707
28722 28725
28783 31902
28788 28887
28794 28853
28804 28807
28816 28842
28817 28830
28879 28881
28890 31901
28900 28906
28932 28943
28944 31891
28948 31888
28971 31871
28972 31248
28973 29034
28978 29013
29058 31057
29061 30979
29070 29299
29082 29088
29089 29221
29106 29128
29161 29202
29174 29187
29178 29179
29224 29265
29274 29296
29284 29292
29309 30801
29311 29327
29329 29403
29342 29396
29348 29353
29385 29394
29406 30795
29442 30517
29444 29449
29451 30508
29457 30207
29464 30174
29478 30097
29513 29526
29527 29546
29552 30055
29590 29619
29620 30052
29622 29678
29627 29642
29649 29673
29656 29658
29660 29671
29684 30004
29686 29990
29687 29709
29688 29690
29691 29708
29710 29773
29755 29762
29777 29786
29790 29850
29804 29810
29816 29830
29834 29845
29852 29981
29873 29973
29884 29907
29910 29911
29945 29946
29947 29963
30015 30032
30058 30075
30065 30068
30078 30089
30105 30114
30122 30125
30152 30159
30187 30194
30214 30404
30219 30401
30230 30276
30231 30256
30278 30334
30293 30321
30348 30400
30380 30383
30437 30467
30476 30477
30478 30505
30524 30532
30535 30794
30558 30590
30562 30579
30604 30790
30614 30781
30618 30640
30647 30695
30658 30683
30708 30767
30716 30763
30728 30742
30745 30757
30810 30864
30812 30819
30827 30831
30837 30856
30846 30847
30865 30872
30885 30888
30901 30971
30903 30937
30984 30991
30992 31053
31006 31017
31025 31048
31033 31045
31058 31086
31090 31244
31125 31197
31131 31179
31154 31156
31158 31173
31221 31222
31228 31234
31259 31846
31260 31270
31286 31829
31298 31815
31300 31303
31304 31430
31313 31418
31326 31332
31355 31356
31377 31401
31405 31413
31409 31412
31437 31786
31443 31715
31445 31517
31448 31497
31451 31493
31459 31469
31470 31491
31518 31529
31530 31535
31561 31689
31562 31677
31568 31666
31601 31617
31620 31632
31634 31651
31708 31713
31904 31919
31931 32141
31935 32139
31949 31954
31964 31968
31983 32018
32028 32132
32030 32127
32037 32071
32105 32122
32177 32301
32183 32296
32193 32284
32196 32199
32216 32252
32321 32629
32323 32533
32337 32526
32375 32386
32387 32498
32396 32485
32410 32481
32413 32470
32421 32447
32449 32457
32537 32628
32577 32604
32587 32596
32677 32761
32782 32814
