16929442686
16 81
102 138
169 175
176 272
299 384
471 1893
472 574
579 1832
611 844
623 838
629 701
736 764
766 833
862 864
873 1828
898 904
916 1814
957 1194
1048 1138
1049 1124
1055 1074
1204 1757
1212 1753
1230 1374
1241 1332
1307 1310
1447 1634
1463 1607
1694 1704
1984 1985
1991 4896
2040 4878
2054 4837
2067 4299
2102 2187
2120 2175
2189 4262
2216 4251
2225 2649
2234 2579
2237 2409
2257 2383
2303 2370
2316 2320
2430 2554
2463 2473
2509 2535
2580 2590
2708 2711
2753 4241
2816 2852
2869 2878
2891 2938
2994 3170
3002 3072
3090 3101
3210 4165
3242 4068
3267 4009
3330 3898
3380 3886
3421 3637
3545 3580
3568 3578
3609 3613
3648 3756
3653 3735
3792 3851
4014 4038
4086 4144
4113 4131
4301 4812
4337 4366
4427 4798
4453 4781
4454 4458
4512 4744
4513 4703
4515 4563
4528 4558
4565 4673
4574 4672
4581 4634
4922 6028
4928 5008
5010 6027
5042 5069
5107 5262
5121 5138
5141 5230
5277 5928
5294 5907
5356 5464
5549 5832
5590 5625
5630 5798
5679 5698
5990 6008
6032 6303
6054 6065
6076 6148
6084 6127
6162 6299
6211 6269
6212 6250
6231 6241
6304 6665
6336 6653
6343 6369
6372 6490
6410 6468
6600 6635
6673 6699
6707 6727
6708 6717
6732 6821
6828 33333
6837 6850
6853 33325
6878 33299
6912 7013
6923 6955
6996 7001
7026 33294
7029 7040
7058 33291
7093 7136
7144 7386
7165 7261
7196 7198
7201 7246
7323 7374
7329 7371
7337 7356
7396 7400
7479 33193
7528 33181
7545 33132
7562 12778
7598 12553
7605 7859
7608 7645
7626 7637
7646 7812
7759 7798
7882 7891
7927 8060
7935 8052
7937 7944
7985 8005
8074 12440
8082 8824
8086 8478
8098 8469
8111 8425
8150 8240
8275 8304
8534 8667
8558 8608
8633 8666
8707 8745
8758 8798
8841 12407
8911 12274
8943 8969
8945 8950
8976 12186
8996 9003
9014 9057
9020 9029
9059 12047
9095 11896
9114 9127
9141 11892
9157 11885
9183 9279
9232 9273
9237 9260
9304 9331
9347 9539
9401 9456
9458 9531
9549 11096
9631 9647
9663 9861
9718 9851
9741 9744
9758 9794
9854 9857
9910 10628
9979 10136
9993 10082
10009 10024
10029 10041
10100 10128
10160 10586
10173 10569
10187 10245
10308 10428
10309 10358
10429 10556
10450 10542
10471 10541
10483 10531
10581 10584
10637 10760
10683 10740
10764 11026
10820 11024
10821 10823
10832 10851
10945 10977
11029 11072
11103 11799
11105 11361
11109 11171
11114 11139
11174 11181
11196 11285
11288 11344
11388 11466
11437 11459
11473 11758
11477 11588
11495 11498
11537 11538
11543 11578
11554 11562
11609 11669
11632 11649
11680 11733
11813 11845
11898 12018
11905 11910
11918 11949
11958 11991
12052 12057
12078 12124
12091 12123
12302 12393
12307 12388
12332 12380
12359 12379
12441 12523
12459 12491
12526 12529
12571 12588
12590 12624
12644 12774
12714 12739
12787 12804
12823 33081
12858 33080
12877 33070
12899 12934
12942 33059
12947 33027
12966 12972
12989 32978
12992 32963
13040 32933
13087 32930
13106 32917
13107 32908
13116 32904
13121 13166
13170 13210
13217 13262
13221 13222
13264 32886
13289 32859
13305 13350
13309 13344
13311 13337
13367 32847
13373 13388
13381 13386
13411 32846
13448 32825
13477 13666
13572 13612
13593 13596
13617 13622
13646 13655
13672 13847
13676 13733
13695 13709
13712 13719
13849 13857
13944 32803
13947 32775
13952 32740
13953 14176
13954 14166
13999 14051
14002 14039
14069 14155
14077 14154
14124 14145
14147 14149
14184 14369
14207 14223
14212 14216
14231 14241
14249 14340
14279 14315
14384 14385
14424 32735
14431 15549
14441 15445
14468 15440
14489 14508
14530 15427
14592 14599
14626 14664
14649 14658
14665 14674
14678 15327
14679 15249
14685 14722
14737 15237
14750 14997
14751 14996
14762 14889
14764 14880
14833 14872
14848 14854
14904 14949
14922 14936
14961 14968
14977 14986
15038 15104
15041 15071
15075 15100
15124 15144
15185 15234
15190 15229
15257 15292
15264 15266
15339 15345
15349 15426
15371 15401
15472 15545
15485 15502
15527 15532
15573 15635
15593 15627
15595 15596
15668 15717
15723 15927
15760 15763
15771 15910
15772 15872
15836 15868
15930 32720
15955 32710
15984 15987
16015 32701
16043 16137
16076 16128
16077 16116
16142 32698
16145 32695
16175 32679
16177 32674
16201 17597
16205 16214
16226 17464
16252 17431
16276 16281
16284 16286
16355 17412
16362 17188
16363 17162
16371 16622
16375 16396
16397 16572
16399 16523
16424 16438
16685 17119
16704 16715
16722 17095
16729 17065
16763 16805
16872 16992
16878 16938
16889 16929
16994 16995
17032 17052
17104 17113
17189 17384
17201 17311
17226 17262
17270 17285
17446 17447
17498 17501
17523 17596
17603 32651
17618 17634
17640 18511
17661 17690
17718 18503
17779 18499
17780 17805
17818 17875
17886 17916
17922 18477
17952 18015
17953 17960
17980 18000
18032 18385
18047 18174
18129 18144
18178 18199
18212 18215
18241 18318
18256 18274
18343 18377
18515 18539
18534 18538
18548 18589
18625 21674
18627 21589
18642 21566
18651 21542
18681 18688
18717 18954
18733 18898
18746 18758
18759 18878
18763 18876
18883 18896
18957 18964
18969 21531
18971 21472
19000 19750
19014 19016
19029 19724
19036 19628
19065 19624
19110 19121
19127 19597
19129 19580
19151 19167
19172 19452
19219 19433
19258 19278
19292 19401
19316 19398
19333 19351
19336 19338
19411 19426
19485 19508
19551 19578
19629 19636
19639 19712
19666 19688
19695 19699
19714 19715
19753 19763
19778 21448
19788 20070
19794 20059
19804 20054
19815 19970
19874 19964
19877 19888
20106 20132
20111 20112
20143 20179
20198 21330
20207 20226
20209 20213
20234 21308
20241 21256
20254 20266
20280 20297
20325 20387
20337 20369
20350 20366
20396 21230
20430 20481
20432 20476
20439 20464
20524 20539
20540 21157
20571 20628
20573 20625
20579 20596
20617 20622
20633 21152
20637 21141
20639 21128
20655 21073
20670 20908
20674 20903
20676 20885
20739 20759
20780 20840
20925 20961
20972 20975
20989 21049
20997 21010
21186 21221
21195 21208
21240 21254
21275 21296
21336 21365
21367 21444
21372 21396
21402 21438
21686 21740
21700 21726
21745 21791
21798 32639
21808 21875
21883 32628
21893 32627
21926 22660
21937 22059
21960 22054
21969 21980
21983 21991
21997 22002
22004 22013
22033 22036
22075 22120
22129 22589
22156 22181
22214 22277
22222 22245
22236 22238
22252 22265
22347 22574
22371 22480
22406 22421
22425 22471
22437 22446
22500 22513
22718 32604
22737 29026
22741 22748
22783 28945
22789 28811
22794 28810
22811 28798
22812 22932
22837 22854
22888 22896
22938 28504
22968 28496
22976 22992
22997 28439
23016 23212
23018 23156
23029 23058
23041 23051
23075 23151
23103 23135
23142 23148
23213 23379
23215 23225
23234 23251
23298 23377
23315 23318
23330 23362
23334 23342
23382 27922
23398 23489
23420 23441
23442 23475
23461 23472
23477 23488
23497 27901
23501 27771
23515 27769
23520 27441
23527 26887
23541 26886
23542 26850
23554 26644
23555 23732
23569 23650
23582 23594
23605 23642
23610 23636
23639 23641
23673 23681
23686 23687
23740 23754
23765 23919
23775 23800
23777 23794
23810 23814
23824 23827
23837 23868
23878 23914
23981 23990
23992 24447
24010 24437
24028 24276
24029 24260
24042 24078
24043 24057
24129 24183
24142 24163
24149 24150
24186 24195
24205 24250
24226 24235
24302 24311
24364 24422
24456 26604
24465 24469
24479 25302
24533 25291
24535 25045
24536 24557
24587 24904
24589 24590
24601 24641
24603 24638
24690 24732
24693 24723
24738 24888
24742 24886
24768 24872
24771 24795
24798 24871
24806 24808
24846 24856
24922 25014
24925 24972
24946 24970
24981 25012
25102 25265
25129 25197
25143 25163
25172 25195
25183 25194
25218 25219
25224 25260
25329 26582
25384 25397
25422 26030
25435 25453
25465 25975
25498 25672
25503 25641
25517 25524
25529 25579
25541 25577
25588 25598
25601 25637
25624 25633
25674 25680
25704 25736
25709 25724
25737 25781
25757 25775
25788 25970
25804 25954
25828 25846
25836 25843
25861 25940
25876 25899
26031 26104
26038 26103
26052 26053
26070 26082
26085 26088
26108 26573
26140 26568
26155 26555
26158 26223
26165 26173
26192 26221
26249 26497
26255 26477
26260 26264
26265 26454
26277 26366
26286 26299
26306 26336
26315 26331
26384 26445
26392 26409
26402 26404
26415 26436
26500 26526
26501 26524
26511 26519
26626 26634
26657 26663
26677 26847
26681 26846
26682 26842
26724 26739
26742 26831
26753 26821
26755 26809
26765 26782
26873 26877
26899 27421
26919 27397
26921 27269
26928 27240
26936 27085
26943 27040
26944 27008
26953 26980
27035 27036
27041 27063
27071 27076
27087 27208
27090 27192
27092 27113
27096 27101
27117 27124
27134 27154
27143 27147
27168 27176
27181 27187
27211 27231
27281 27289
27294 27396
27301 27391
27305 27324
27333 27390
27341 27381
27342 27349
27398 27418
27400 27409
27414 27416
27423 27434
27454 27727
27466 27639
27481 27617
27494 27585
27500 27504
27506 27516
27538 27583
27586 27608
27653 27685
27657 27659
27701 27712
27708 27709
27775 27795
27799 27800
27813 27836
27816 27835
27837 27844
27845 27892
27849 27881
27934 28376
27935 28185
27945 27952
27967 28008
27972 27980
28049 28052
28090 28121
28092 28112
28094 28109
28096 28103
28123 28130
28152 28161
28163 28167
28189 28357
28192 28237
28203 28212
28244 28346
28246 28294
28250 28271
28275 28281
28299 28313
28315 28339
28320 28328
28444 28445
28451 28457
28464 28482
28510 28513
28531 28539
28541 28554
28580 28766
28597 28687
28614 28617
28631 28669
28691 28721
28728 28762
28739 28751
28773 28782
28812 28848
28829 28832
28883 28895
28907 28936
28908 28914
28946 28952
28961 28980
28969 28976
28982 28996
28999 29018
29002 29007
29031 29033
29086 29336
29093 29332
29101 29108
29129 29133
29138 29231
29151 29190
29159 29186
29171 29172
29240 29262
29241 29253
29244 29251
29266 29280
29272 29277
29287 29319
29292 29293
29310 29311
29322 29330
29341 32596
29346 29359
29405 29429
29407 29408
29438 29906
29452 29765
29473 29701
29476 29479
29482 29696
29485 29678
29500 29591
29509 29543
29511 29541
29516 29518
29563 29574
29597 29604
29605 29643
29617 29619
29626 29642
29652 29659
29707 29728
29729 29759
29737 29753
29738 29750
29760 29764
29771 29784
29800 29905
29814 29903
29827 29872
29832 29846
29884 29894
29910 29927
29938 32532
29946 30158
29988 30060
30000 30054
30006 30022
30023 30051
30069 30133
30076 30103
30086 30089
30144 30154
30162 30198
30210 32506
30216 32493
30231 32480
30238 30335
30246 30309
30248 30298
30336 30338
30339 32478
30344 32466
30363 32454
30374 30377
30381 30386
30389 32436
30393 32424
30403 32416
30413 30441
30448 30596
30456 30593
30475 30489
30476 30487
30477 30479
30502 30528
30599 32403
30601 30685
30606 30664
30618 30660
30624 30637
30641 30652
30698 30786
30703 30735
30755 30780
30776 30778
30792 32380
30808 30811
30830 30946
30840 30896
30870 30883
30885 30889
30899 30945
30920 30930
30949 30997
30952 30969
30999 32377
31021 32358
31022 31024
31050 31055
31057 32357
31067 31093
31068 31081
31094 32347
31120 31147
31127 31141
31136 31140
31150 31161
31151 31152
31180 31195
31214 32341
31215 31356
31221 31327
31225 31296
31239 31277
31240 31275
31247 31270
31258 31269
31308 31312
31333 31353
31365 32326
31369 32320
31373 32286
31374 31663
31379 31651
31381 31598
31389 31394
31401 31538
31403 31528
31409 31527
31425 31524
31430 31513
31471 31502
31549 31587
31552 31584
31570 31571
31601 31639
31614 31626
31679 32270
31694 31973
31700 31964
31710 31855
31773 31792
31784 31791
31824 31826
31878 31881
31890 31913
31915 31919
31920 31955
31943 31949
31958 31963
31984 32247
31987 32234
31993 32226
32001 32222
32012 32198
32018 32028
32045 32049
32073 32167
32091 32157
32104 32142
32122 32131
