24138596646
122301 180714
138662 165098
142573 158479
167528 168587
170017 178564
182286 191197
183399 185050
186343 190598
187951 189927
192577 192989
193784 223210
195248 222404
196306 198440
202449 220844
203573 212149
204417 211544
207650 210132
212564 220568
214665 215007
215488 216574
217924 218691
224376 228184
229020 229177
229587 293736
229697 230923
231649 232049
232772 234211
234222 266290
236513 266267
237444 265463
239078 265204
239096 239274
240529 246249
240859 245854
241713 245303
242028 242695
242135 242324
242790 243847
245437 245471
247900 254019
247984 251553
248263 248339
249291 250759
252018 252270
253563 253702
254786 263153
254995 256384
255358 256274
255674 255810
257262 261892
257457 257984
257525 257969
257555 257825
258017 261649
258209 261317
258401 258440
258778 260531
259045 260466
259059 260073
259061 259351
260097 260229
262611 263034
263275 265096
263487 264452
263872 264177
265398 265425
265635 265824
266044 266088
266649 267068
267069 267095
267154 292341
267985 280391
268184 268349
268366 279736
268456 268550
268919 273809
268965 273604
269414 271987
269862 271964
270439 270620
271045 271735
272037 272662
272739 272889
272975 273143
273395 273579
273906 279659
273972 277344
274177 274262
274335 275268
274456 274966
274482 274816
275038 275218
275187 275200
275344 276915
275817 276007
276714 276876
277420 279564
277430 278146
277800 277983
277831 277951
278203 278283
278367 278427
278720 278927
279744 280198
279940 280116
280211 280311
280418 280456
280602 280860
280960 292308
281067 291614
281116 281133
281144 281227
281263 281377
282440 282474
282510 291316
282795 291299
282898 291194
283024 283811
283457 283595
283619 283765
283628 283714
284230 290985
284269 289610
284876 284909
285067 287626
285607 286839
285712 286671
285780 286497
285854 286463
286436 286437
286858 287588
287012 287422
287027 287276
287687 288388
287696 287968
288584 289434
288852 289160
288979 289001
289448 289492
289790 289913
290085 290949
290250 290291
290397 290940
290462 290472
290616 290847
292107 292297
292361 292661
292415 292416
292738 292814
292866 293003
293183 293703
293189 293192
293379 293527
293664 293684
293872 293884
294012 295856
294403 294456
294907 295809
294938 295744
295043 295544
295699 295704
296278 296902
296299 296566
296802 296859
297006 297621
297007 297130
297195 297247
297651 300322
297660 299495
297692 297785
297844 298989
297911 298063
297935 298021
298263 298396
298321 298388
298455 298464
298469 298494
298557 298838
298692 298776
298910 298985
299200 299413
299562 300295
299631 299660
299846 300277
299953 300180
300009 300054
300190 300275
300585 300681
300732 300979
300829 300854
301005 301058
301124 301473
301196 301292
301490 301637
301789 302435
301929 302291
302078 302105
302347 302434
302460 302935
302515 302794
302670 302783
302953 303184
303316 304982
303327 304042
303330 303939
303331 303409
303433 303726
303566 303606
303743 303910
304134 304946
304210 304873
304252 304507
304721 304818
304990 305279
305170 305178
305361 305552
305422 305534
305642 305756
305725 305732
305843 333309
305936 306788
306305 306315
306455 306744
306656 306742
306893 333290
307045 307958
307166 307324
307435 307468
307585 307947
307666 307927
307721 307914
307757 307875
307793 307837
308008 308031
308063 308095
308103 308120
308188 333144
308250 333131
308372 309000
308418 308432
308451 308543
308663 308854
308682 308694
309030 309042
309095 309620
309102 309231
309386 309462
309392 309443
309630 309644
309661 333124
309706 309917
309842 309851
309951 333110
309960 310069
309983 310011
310174 314673
310175 311740
310267 310345
310459 311720
310570 311263
310603 310675
310696 310869
310880 311175
311288 311345
311296 311324
311355 311697
311416 311566
311498 311507
311627 311642
311883 311964
312007 314205
312064 314098
312088 312100
312133 313991
312225 313928
312236 313913
312240 312280
312300 313424
312327 313349
312379 312393
312394 313122
312626 313121
312734 313046
312781 313011
312801 312843
313032 313043
313099 313101
313135 313145
313169 313209
313491 313891
313528 313773
313564 313565
313604 313670
314346 314504
314583 314645
314675 333104
314698 333073
314703 333069
314745 333054
314755 333047
314950 315211
315001 315182
315004 315131
315216 333041
315219 315341
315406 315450
315456 315811
315523 315532
315614 315734
315860 333008
315865 316367
315933 315977
315978 315987
316075 316183
316093 316157
316245 316248
316412 316972
316484 316794
316546 316695
316806 316857
316975 317141
317001 317047
317151 317231
317295 317367
317369 332961
317402 317536
317577 332901
317583 317584
317969 318106
318016 318060
318158 318211
318228 318945
318264 318942
318311 318485
318356 318466
318414 318428
318621 318647
318863 318933
319024 332761
319161 332707
319179 332706
319236 332483
319320 319362
319403 332472
319406 319415
319488 332147
319658 319767
319706 319744
319791 326452
319811 319956
319851 319901
319967 325677
319980 320060
320081 320184
320091 320175
320198 320365
320236 320256
320263 320311
320422 320593
320454 320529
320639 320673
320656 320657
320691 323554
320694 320870
320732 320789
320981 323531
320997 321014
321123 323466
321158 321382
321183 321337
321229 321308
321255 321276
321389 323355
321407 321434
321495 321525
321532 323324
321594 321614
321688 321979
321704 321850
321753 321798
321772 321787
321916 321958
322073 323294
322278 322400
322279 322350
322463 322491
322512 322641
322539 322542
322821 322833
322882 322909
322920 323282
322993 323119
323376 323432
323565 325676
323566 325673
323569 325627
323605 323677
323684 325517
323692 325480
323898 323922
324012 324443
324147 324162
324188 324393
324285 324338
324551 325479
324554 325106
324600 324621
324633 324822
324649 324664
324668 324786
324696 324773
324832 325017
325159 325160
325210 325420
325245 325383
325685 326378
325830 326025
325869 325971
325903 325936
325975 325993
326059 326342
326067 326157
326404 326423
326468 332113
326510 332112
326594 332099
326609 331977
326631 331626
326632 331597
326641 331583
326678 326693
326712 331569
326800 331559
326812 326865
326825 326835
326867 327779
326871 327762
326880 327147
326956 327067
326966 327043
327186 327238
327261 327274
327314 327347
327372 327401
327437 327526
327535 327730
327595 327672
327846 327880
327886 327897
327927 327950
328027 331323
328080 331240
328102 330359
328135 328150
328218 330342
328246 328288
328305 330235
328338 328540
328383 328417
328461 328512
328571 330197
328594 330194
328605 328663
328676 329844
328746 329645
328756 329606
328782 328839
328860 329587
328889 328897
328936 329449
329026 329380
329068 329099
329120 329292
329174 329188
329199 329225
329530 329532
329547 329563
329707 329724
329872 330170
329922 330167
330064 330144
330100 330141
330118 330129
330270 330298
330285 330292
330383 331188
330387 330445
330417 330423
330517 330556
330610 331179
330724 331136
330758 330786
330791 331074
330797 330921
330835 330880
330837 330851
330853 330864
331146 331156
331331 331551
331340 331351
331393 331429
331700 331975
331717 331726
331731 331735
331868 331931
332166 332167
332280 332452
332317 332367
332597 332661
