80509658838
11686 169510
67288 166920
68726 160613
97487 147369
102332 120246
172535 182904
182100 182333
185600 186444
186633 198678
192265 198018
193988 195202
196600 196755
197658 197949
201034 201239
201735 287849
202973 205013
203812 203924
207291 227766
207945 227056
209184 209248
212767 226883
215009 217673
217882 223440
217941 219944
224397 226277
229021 246846
231829 231853
231947 232141
232425 233335
233675 246215
234023 243657
234185 240305
239004 239634
241066 243628
241350 242113
242188 243190
242229 242642
243718 245712
244000 245502
245619 245702
246443 246544
246866 249821
248251 248408
248531 249167
251012 254315
251086 251110
251306 253667
251343 251358
251470 252738
252022 252039
255246 287687
255861 287581
256022 256173
256823 286678
257152 286071
257705 285932
258053 259621
258201 259209
258674 258750
260205 260843
261152 261686
261535 261606
261755 262832
261843 262257
262042 262129
262464 262757
263077 263456
263344 263435
263489 285072
263966 264252
264320 284851
264691 265950
265429 265647
266107 266153
266211 284820
266253 284483
266555 283950
266859 276715
266961 266965
267087 267310
267720 268048
267947 268022
268350 275327
268485 275157
268601 274825
268724 274371
268832 269024
269627 273841
269707 269810
270147 273735
270275 270515
270543 271333
271373 271397
271690 271886
272329 272759
272822 273402
273915 274109
275356 275900
275373 275820
275993 276306
277003 278301
277004 277811
277245 277732
278305 278511
278367 278426
278513 283729
278612 283467
278808 280213
278860 278936
279197 280102
279242 279499
279567 279606
279770 279809
280278 283265
280367 280381
280567 283091
280599 280791
280666 280696
282684 282997
282715 282849
283807 283879
283810 283877
285204 285900
285274 285278
285288 285658
285463 285500
285469 285499
285548 285596
285622 285642
286075 286447
286144 286302
286305 286331
286680 287118
286864 286877
287371 287401
287603 287686
287974 287979
288445 288634
288464 288536
288839 288913
288958 290766
289001 289859
289680 289851
290146 290341
290567 290591
291119 291479
291177 291288
291318 291355
291610 295416
291679 291832
291681 291772
291948 292261
292420 294099
292694 293440
292847 293225
293945 294029
294451 295352
294506 294537
294742 294814
294840 295071
294918 295061
295082 295341
295627 296616
295729 296496
295749 296070
296194 296358
296625 296734
296912 296979
297074 297078
297157 297861
297344 297355
298132 298503
298185 298406
298560 298567
298583 298730
298842 300418
298904 299333
298906 299313
298915 299200
299083 299190
299226 299249
299411 299462
299562 299723
299799 300089
300036 300050
300555 300640
300695 300977
300935 300944
300997 333315
301052 301125
301168 333292
301274 333271
301300 333236
301305 302056
301377 301493
301579 301586
301744 301909
302281 333218
302303 333163
302501 333154
302530 333067
302547 333063
302651 302738
302742 302760
302792 333031
302991 303092
303175 333002
303237 303574
303420 303563
303438 303488
303651 303916
303676 303776
303777 303786
303986 332977
304171 306434
304190 306347
304214 306099
304385 304410
304471 306083
304482 306012
304552 305724
304592 305682
304606 305381
304613 304614
304746 305056
305064 305120
305138 305376
305154 305242
305196 305204
305267 305367
305501 305537
305859 305934
306211 306282
306230 306254
306463 332923
306477 332893
306483 306505
306518 332884
306547 332854
306561 313573
306586 312705
306610 309918
306646 309738
306656 309428
306734 309363
306787 306969
306831 306927
306970 307005
307063 309346
307267 307310
307336 308195
307390 307462
307590 308040
307597 307622
307638 307732
308052 308108
308112 308133
308286 308895
308310 308325
308351 308379
309300 309326
309367 309417
309465 309708
309613 309670
309701 309702
309809 309878
310088 310263
310093 310208
310323 312440
310326 312066
310334 310335
310404 311862
310479 311571
310485 310518
310539 311438
310587 311134
310663 310763
310829 310857
310905 310986
311087 311113
311462 311557
311770 311783
311795 311802
311878 311928
311941 311950
312084 312307
312123 312207
312150 312202
312230 312296
312707 312771
312891 313549
312981 313343
313013 313339
313385 313466
313602 313636
313782 313793
313798 332818
313819 314383
313993 314009
314051 314146
314227 314327
314401 314647
314565 314623
314692 332816
314788 314840
314842 314870
314887 314920
314936 332805
314980 332794
315004 317204
315068 317032
315237 315287
315298 316419
315358 316180
315369 315511
315524 315615
315621 316163
315644 316151
315807 315898
315869 315873
315882 315891
315925 316008
316014 316080
316207 316375
316225 316295
316560 316758
316721 316723
316793 317005
316797 316817
316879 316886
316983 316989
317219 332751
317220 317461
317269 317440
317303 317434
317582 332703
317633 332687
317663 318194
317666 318182
317696 317794
318233 332624
318295 319156
318330 318535
318339 318389
318540 318629
318655 318668
318683 319059
318735 318741
318775 318796
318845 318960
319018 319019
319078 319127
319198 319373
319273 319285
319318 319348
319461 332584
319491 319545
319687 319711
319778 320865
319781 320671
319807 320301
319811 320284
320125 320256
320136 320224
320266 320272
320320 320544
320323 320369
320393 320427
320700 320777
320788 320802
320882 320997
320899 320960
321224 332564
321234 332484
321361 332482
321405 323430
321408 321425
321446 323384
321561 321571
321661 321759
321806 323319
321808 322080
321917 321949
321981 321992
322272 323309
322299 323262
322364 323211
322370 323159
322434 322678
322591 322601
322769 322806
322870 323100
322907 323009
322962 323003
323435 332438
323438 324320
323463 324222
323485 324086
323538 324084
323556 324041
323566 323910
323706 323711
323810 323851
323923 324010
323975 324003
324163 324168
324244 324312
324333 332429
324355 324378
324407 332424
324431 332309
324448 324616
324460 324525
324639 332269
324672 332189
324683 324859
324689 324756
324873 332129
324900 332023
324990 332021
325107 331971
325120 331966
325148 331934
325160 325197
325217 325479
325290 325464
325298 325340
325328 325329
325494 331923
325501 325810
325618 325750
325844 325884
325902 325925
325997 331881
326074 331861
326090 326150
326229 326420
326305 326320
326478 326916
326595 326908
326607 326849
326618 326687
326726 326841
326965 327074
327129 327431
327158 327265
327303 327358
327386 327412
327433 327444
327448 328245
327458 327737
327480 327724
327527 327578
327556 327573
327592 327702
327594 327632
327648 327696
327747 328099
327761 327872
327886 328004
327897 328003
328011 328092
328020 328047
328031 328037
328139 328227
328273 331859
328288 331822
328318 331790
328341 331771
328345 331739
328351 328445
328406 328425
328449 331733
328460 331696
328478 328579
328513 328528
328673 331631
328735 331578
328740 331570
328786 331540
328801 328838
328855 331481
328899 331480
328914 331425
328954 331417
328985 328994
328986 328989
329090 329385
329146 329239
329180 329190
329211 329229
329396 331385
329416 331363
329420 330662
329446 330130
329465 329863
329466 329502
329515 329702
329615 329701
329787 329843
329834 329841
329903 330042
329944 329960
329999 330008
330056 330069
330162 330448
330269 330423
330278 330327
330396 330408
330493 330642
330522 330607
330558 330569
330617 330628
330679 331359
330707 330734
330780 330942
330782 330875
330783 330833
331002 331217
331025 331154
331122 331144
331268 331305
