16379155441
79149 99666
112268 138109
142260 145871
146756 199816
147853 187347
164502 171116
173105 186139
174639 178107
178643 182701
189972 192761
190556 192112
200572 202660
203583 208171
211680 212724
213291 216748
216772 217300
217643 220055
217868 218850
220650 268751
222428 268644
224204 226841
227796 268604
228488 264401
228608 248876
230671 248850
232644 248643
232994 233164
234331 234574
234645 246293
235393 243987
235461 237401
235867 236678
236928 236991
238159 240058
240150 240742
240242 240248
242104 243837
242536 242549
244211 245923
244495 245799
246456 248019
249490 263690
249860 251401
249877 251055
251506 259194
251972 252312
252513 254740
253060 254513
253831 254023
255346 255942
257729 258721
257808 257963
258238 258642
259226 260789
260321 260548
261032 261607
261738 261908
262071 262073
262433 263610
262436 263085
262464 262497
263765 263870
264109 264203
264784 268544
265045 265376
266103 266212
266430 268469
266624 266920
267353 268009
268783 269112
269116 269270
269305 270350
270544 270685
270703 272369
271106 271994
272422 275693
272427 274915
272551 272828
272979 274781
273245 274523
273763 273959
273973 274492
274167 274353
274930 275673
274935 275025
275184 275650
275285 275633
275287 275428
275696 276035
276298 277340
276413 277245
276447 277230
277559 277833
277669 277753
277903 278919
278111 278878
278334 278517
278600 278854
279254 279316
279368 279749
279922 290343
280239 290255
280282 280390
280437 282809
280515 282696
280787 282325
280983 281870
282954 290163
283170 284606
283274 283311
283384 284477
283484 283651
283916 284190
284713 289730
284731 288622
284891 285604
284932 285047
285068 285433
285306 285423
285814 285916
286009 286190
286215 286289
286746 288404
286869 286965
287023 287036
287075 287316
287173 287183
287577 288020
287697 287722
287914 288007
288653 288716
288854 289615
288962 288967
289207 289386
289945 290051
290432 298332
290516 293304
290574 292758
290675 290700
290844 292615
290863 290897
291135 291152
291561 292580
291563 292054
291618 291655
291750 292004
292154 292567
292676 292725
292915 293271
293051 293076
293533 298018
293586 293740
293722 293736
293750 293979
294037 297260
294055 296923
294067 294480
294582 294831
294879 296744
294891 294935
295133 296347
295278 296300
295355 295756
295411 295571
295578 295617
295848 295874
295961 296026
296151 296268
296419 296736
296517 296706
296753 296766
297134 297232
297168 297212
297294 297332
298076 298256
298270 298275
298386 301976
298569 301868
298707 301840
299080 301634
299147 301574
299184 300033
299246 299984
299273 299285
299286 299784
299385 299736
299813 299972
300190 300680
300211 300402
300729 301480
300891 301218
301104 301114
301547 301571
301708 301752
301731 301744
301928 301941
302025 313566
302054 313489
302145 302276
302202 302227
302458 313479
302579 313415
302593 302599
302698 313291
302869 312918
302888 312899
302903 312692
302948 308860
302969 303276
303045 303093
303393 308772
303444 303685
304003 307955
304061 307038
304113 306969
304294 306963
304330 306833
304348 304591
304657 304781
304885 305045
305065 306700
305252 305300
305309 305838
305398 305773
305511 305602
305526 305591
305706 305755
305864 305891
305919 306053
306102 306228
306255 306330
306341 306569
306361 306439
306508 306537
306714 306821
307155 307947
307276 307929
307326 307844
307483 307829
307985 308188
308211 308261
308269 308369
308385 308749
308475 308597
308487 308545
308874 309035
309186 312347
309245 311845
309275 310886
309440 310868
309459 310762
309497 310501
309649 310463
309748 310065
309791 309811
309853 309905
310070 310193
310206 310456
310210 310240
310263 310372
310507 310512
310527 310681
310917 311771
311012 311030
311057 311558
311086 311446
311089 311107
311234 311425
311242 311317
311853 312269
311860 312065
311989 312061
312076 312186
312258 312260
312479 312648
312714 312866
312924 312926
312953 313014
313161 313177
313595 314474
313601 314415
313609 314375
313687 313691
313775 313847
313849 314070
314013 314046
314134 314165
314227 314272
314539 315767
314541 314625
314631 314776
314782 315358
314846 314854
314862 315223
314915 315051
315242 315254
315367 315392
315424 315449
315472 315478
315497 315582
315551 315556
315656 315728
315841 315842
315852 315915
315935 316770
315981 316726
316045 316699
316063 316641
316142 316274
316275 316351
316278 316282
316418 316490
316557 316577
316876 316922
317160 317286
317313 317453
317553 317593
317631 317818
317659 317665
317666 317689
317719 317801
317734 317764
317877 318846
317883 317909
317910 317960
317926 317954
318017 318494
318115 318181
318142 318152
318499 318553
318602 318826
318856 318942
319002 319894
319012 319891
319017 319883
319151 319221
319157 319209
319273 319308
319323 319357
319360 319512
319367 319505
319410 319454
319567 319592
319620 319646
319648 319686
319698 319875
319762 319764
320031 320044
320061 320259
320085 320120
320131 320258
320159 320236
320173 320181
320205 320215
320289 320389
320454 320510
320522 320535
320539 322319
320584 322295
320641 322293
320649 322266
320707 320790
320727 320736
320863 321058
320961 320968
321110 321580
321157 321284
321336 321549
321350 321403
321672 321978
321715 321791
322010 322114
322322 322329
322453 322476
322500 323151
322530 322650
322617 322621
322681 323102
322747 323040
322753 323016
322786 322910
322798 322887
322828 322863
323179 323187
323217 323358
323260 323279
323309 323352
323401 323408
323414 323645
323559 323594
323649 325815
323671 323691
323749 325396
323757 325358
323777 323813
323848 325290
323850 324058
323928 323959
324064 324123
324193 324200
324243 324244
324258 324375
324393 324896
324402 324890
324416 324855
324427 324809
324430 324792
324444 324527
324577 324772
324580 324676
325029 325152
325044 325131
325070 325108
325201 325282
325427 325750
325518 325544
325605 325702
325613 325630
325636 325655
325711 325733
325775 325789
325827 325936
325945 326034
326082 326095
326134 326568
326145 326241
326187 326197
326248 326255
326258 326384
326272 326362
326280 326352
326414 326421
326446 326549
326606 326613
326649 326652
326660 326773
326701 326751
326867 327023
327057 327070
327197 329233
327321 329218
327351 327368
327407 329204
327472 327533
327538 329195
327540 327580
327586 328893
327697 327774
327775 328817
327785 328797
327819 328690
327820 328241
327875 327941
328002 328031
328035 328208
328054 328194
328079 328176
328118 328160
328284 328302
328306 328443
328352 328374
328380 328431
328492 328686
328530 328570
328636 328644
328819 328860
328936 328937
328954 329184
328994 329178
329027 329137
329052 329134
329065 329116
329259 329275
329348 329360
329366 329413
329428 333333
329437 330599
329443 329467
329560 329611
329652 330596
329682 329688
329698 329837
329783 329804
329838 329911
329852 329891
329971 330564
329991 329992
330019 330088
330024 330030
330058 330077
330159 330520
330187 330390
330231 330385
330255 330349
330360 330376
330475 330497
330588 330593
330661 330741
330819 333255
330835 333218
330840 331160
330848 331129
330868 331123
330880 330941
330955 331062
330969 331060
331071 331084
331182 331262
331310 331391
331404 331441
331442 331653
331447 331597
331506 331582
331693 333200
331704 332327
331764 331915
331798 331864
331884 331896
331925 332317
331970 332001
332017 332296
332113 332175
332152 332167
332344 332580
332385 332399
332406 332560
332425 332480
332668 332695
332702 333135
332736 333061
332767 333027
332790 332918
332806 332818
332861 332911
332930 332988
