2072360359
23 51
148 179
224 231
232 273
321 499
371 497
452 478
518 558
606 622
665 694
709 874
719 737
771 863
796 848
885 9722
888 9706
903 1088
991 1082
1063 1070
1094 9568
1122 9519
1232 9514
1271 1272
1273 9494
1338 1688
1605 1631
1750 1764
1771 9458
1785 9277
1805 3808
1809 1815
1834 3791
1869 1922
1959 3404
2021 3198
2162 2916
2239 2880
2265 2279
2350 2856
2351 2599
2436 2510
2603 2735
2759 2782
2800 2828
2933 2943
3019 3048
3051 3175
3071 3091
3200 3221
3222 3225
3243 3251
3295 3324
3434 3749
3443 3465
3523 3596
3809 3914
3867 3879
3938 5785
3947 3956
3991 4066
4076 4333
4114 4327
4204 4299
4211 4262
4371 4569
4376 4413
4517 4542
4606 5096
4645 4664
4671 5086
4687 4744
4855 5067
4878 5029
4896 4965
4899 4939
4913 4918
5112 5736
5123 5195
5161 5167
5208 5658
5230 5623
5233 5548
5307 5466
5518 5530
5624 5630
5689 5732
5766 5780
5823 9249
5835 6320
5876 6277
5898 6192
5907 5990
5927 5931
5933 5962
5975 5983
6026 6144
6061 6099
6250 6261
6324 9228
6327 9215
6406 6509
6554 9186
6562 6894
6627 6728
6749 6847
6910 7382
6911 7269
7022 7240
7075 7144
7079 7131
7098 7115
7287 7306
7408 7427
7439 9174
7445 7488
7499 8566
7521 7583
7568 7574
7731 8538
7743 7966
7751 7965
7785 7899
7935 7942
7997 8518
8005 8162
8009 8026
8172 8227
8250 8254
8350 8356
8385 8468
8448 8466
8540 8542
8574 8580
8605 9052
8636 8801
8659 8663
8691 8695
8707 8728
8714 8719
8754 8779
8832 8836
8995 9017
9143 9156
9254 9264
9309 9360
9393 9417
9497 9511
9532 9541
9589 9684
9653 9672
9695 9705
9736 9755
9812 9875
9818 9863
9878 9887
9911 20738
9949 20659
9952 20173
9959 10027
10036 10095
10051 10094
10099 20143
10119 10214
10120 10134
10148 10198
10225 19641
10232 10275
10323 10324
10418 19615
10421 10425
10437 19513
10468 19503
10521 11181
10540 10595
10763 11166
10764 10856
10875 11156
10992 11146
11224 18916
11233 18865
11331 18837
11334 18810
11338 11688
11477 11526
11478 11499
11591 11648
11596 11620
11709 11712
11714 18765
11772 11787
11811 18485
11815 18484
11820 11836
11838 18376
11897 12149
11916 11976
11998 12014
12090 12121
12151 12195
12214 12256
12281 13624
12295 12376
12319 12323
12333 12348
12390 12892
12414 12547
12578 12816
12606 12645
12749 12763
12944 13586
12957 13576
13002 13132
13028 13113
13073 13074
13184 13211
13250 13265
13304 13435
13345 13353
13439 13518
13485 13487
13664 13792
13681 13753
13846 18346
13856 13900
13908 18328
13928 13958
13964 14029
14080 18188
14089 16995
14107 16827
14135 16785
14161 14239
14244 16453
14253 16341
14297 16309
14304 14315
14318 16282
14355 14381
14395 15853
14404 15829
14411 15609
14414 15605
14437 14719
14440 14709
14492 14631
14493 14622
14500 14591
14535 14556
14546 14547
14649 14657
14740 15322
14751 14777
14858 15287
14863 14864
14945 14976
14974 14975
15010 15232
15032 15109
15060 15089
15252 15286
15261 15267
15290 15315
15350 15397
15362 15388
15416 15418
15433 15443
15491 15565
15492 15503
15509 15538
15581 15584
15610 15666
15716 15756
15725 15739
15896 15901
15939 15987
15989 16247
15998 16237
16020 16051
16083 16110
16101 16105
16123 16208
16168 16182
16216 16217
16361 16444
16469 16476
16516 16723
16527 16710
16547 16576
16599 16708
16623 16645
16724 16727
16836 16854
16926 16951
16997 17049
17053 18163
17088 18143
17110 18025
17120 17236
17130 17138
17148 17199
17263 17318
17264 17295
17297 17308
17336 17937
17356 17810
17377 17808
17403 17566
17459 17562
17582 17662
17668 17706
17716 17720
17722 17726
17814 17893
17849 17887
17864 17882
17900 17933
17960 17999
18026 18058
18203 18220
18458 18475
18491 18595
18529 18580
18688 18693
18949 19269
19032 19037
19053 19056
19142 19144
19404 19454
19515 19551
19621 19624
19670 19672
19728 20008
19738 19815
19832 19836
19866 19982
19911 19925
19932 19956
20033 20073
20039 20052
20175 20278
20201 20219
20250 20258
20302 20633
20331 20470
20352 20434
20393 20412
20435 20436
20480 20598
20626 20631
20716 20719
20739 21417
20773 20791
20801 21391
20830 20876
20833 20862
20841 20853
20877 21316
20885 20913
21015 21180
21033 21052
21130 21154
21190 21196
21205 21212
21240 21303
21248 21276
21294 21295
21322 21329
21343 21384
21395 21411
21418 21436
21421 21429
21580 21610
21642 21651
21666 21724
21674 21722
21693 21721
21747 21752
21760 22194
21802 22188
21820 22161
21826 22148
21840 22036
21876 22033
21882 22006
21896 21899
21903 21922
21905 21916
21943 21999
22008 22023
22037 22144
22042 22058
22082 22131
22204 22689
22241 22640
22264 22611
22295 22602
22297 22596
22299 22528
22306 22319
22394 22419
22433 22514
22535 22573
22616 22633
22641 22663
22707 22736
22780 22855
22835 22851
22842 22845
22866 25034
22872 22928
22876 22893
22937 25012
22940 22997
22961 22978
22998 23032
23037 23070
23076 23098
23115 24972
23173 24968
23189 24922
23191 23242
23193 23201
23244 23258
23273 24408
23291 23329
23342 23581
23349 23577
23362 23566
23363 23409
23401 23408
23416 23520
23687 24392
23724 23728
23758 23850
23808 23835
23817 23828
23885 24234
23936 23968
24027 24109
24028 24052
24053 24077
24238 24239
24256 24379
24284 24289
24351 24367
24427 24458
24468 24826
24469 24814
24476 24485
24515 24746
24555 24570
24606 24698
24793 24808
24837 24841
24901 24915
24973 24984
25043 25723
25047 25117
25060 25108
25137 25143
25177 25238
25205 25210
25239 25708
25254 25337
25305 25307
25373 25544
25395 25457
25478 25491
25578 25640
25666 25678
25690 25693
25729 25745
25795 25848
25827 25846
25881 26456
25900 25912
25958 25977
25961 25962
25987 26414
26015 26236
26017 26235
26058 26196
26060 26065
26085 26165
26170 26192
26242 26396
26252 26392
26255 26327
26290 26298
26363 26373
26451 26455
26478 26490
26493 26512
26528 26538
26546 26552
26580 26912
26602 26883
26614 26615
26623 26854
26628 26640
26632 26634
26715 26841
26741 26780
26798 26837
26812 26819
26917 26988
26937 26942
26961 26965
26994 27037
27006 27028
27053 27064
27086 27165
27135 27138
27170 27181
27187 27199
27213 27218
27221 27250
27253 27298
27342 27369
27343 27349
27383 27635
27389 27475
27500 27633
27502 27503
27508 27550
27519 27533
27564 27626
27601 27605
27662 27682
27695 27696
27701 27832
27710 27813
27724 27809
27739 27740
27752 27773
27774 27784
27833 27843
27835 27839
27880 29260
27906 28685
27913 28203
27930 27934
27939 27948
27976 28083
27995 28048
28055 28064
28084 28118
28091 28102
28138 28156
28238 28676
28243 28466
28245 28257
28323 28441
28350 28376
28406 28433
28420 28423
28470 28664
28509 28521
28523 28652
28561 28646
28565 28577
28581 28619
28635 28643
28670 28675
28703 28799
28709 28797
28717 28760
28719 28758
28736 28753
28805 29179
28806 29169
28812 29149
28824 29110
28852 28928
28853 28869
28932 28939
28962 28989
28976 28979
28991 29098
29005 29076
29014 29056
29020 29026
29064 29072
29116 29147
29186 29200
29302 33315
29333 29342
29347 33285
29352 29360
29362 29363
29365 32901
29403 32899
29411 32724
29414 32721
29415 29453
29416 29451
29444 29449
29456 32720
29481 29877
29502 29536
29540 29843
29542 29577
29585 29769
29595 29766
29613 29653
29617 29644
29661 29755
29662 29664
29689 29730
29770 29836
29790 29791
29813 29818
29914 32714
29915 32681
29917 29921
29927 32680
29942 31953
29962 31949
29977 31945
29999 31933
30001 31514
30009 30066
30017 30064
30070 30081
30106 30137
30143 31098
30165 31093
30179 30213
30185 30195
30205 30206
30220 30230
30242 31088
30259 30260
30318 31072
30324 31049
30327 30347
30333 30345
30389 31048
30421 30431
30437 30451
30475 30540
30482 30522
30646 30797
30657 30751
30667 30713
30684 30705
30754 30769
30804 31024
30807 30836
30840 30852
30888 30895
30916 30960
30944 30947
30961 31003
30964 30994
30977 30984
31036 31044
31039 31043
31057 31058
31099 31101
31105 31113
31138 31141
31186 31241
31205 31231
31246 31250
31254 31343
31264 31308
31266 31288
31345 31349
31353 31512
31378 31441
31406 31421
31444 31452
31454 31506
31456 31488
31528 31835
31545 31778
31602 31744
31603 31651
31619 31647
31631 31645
31638 31643
31663 31716
31670 31674
31677 31708
31679 31697
31751 31774
31789 31792
31803 31823
31824 31832
31851 31883
31898 31923
31907 31921
31957 31992
31993 32043
32044 32585
32051 32570
32078 32133
32097 32126
32165 32166
32172 32180
32189 32291
32208 32217
32222 32265
32226 32259
32295 32306
32313 32475
32340 32360
32379 32380
32385 32444
32407 32425
32476 32483
32607 32611
32660 32674
32732 32874
32796 32825
32879 32892
32948 32951
32963 33247
32974 32994
33049 33058
33074 33188
33160 33167
33171 33172
33214 33228
33216 33219
