930003037
107 4271
113 4155
188 3946
195 382
237 270
334 356
392 2651
397 409
418 441
465 629
468 544
569 608
672 2617
678 2155
715 2072
760 772
786 943
849 883
957 2046
981 1074
1079 2045
1103 1635
1121 1190
1288 1610
1306 1401
1412 1603
1439 1455
1471 1596
1473 1475
1639 1946
1663 1834
1676 1791
1685 1732
1743 1770
1850 1933
1983 2036
2161 2510
2206 2462
2288 2306
2309 2461
2540 2553
2542 2544
2654 3932
2658 2682
2675 2680
2683 3908
2733 2860
2783 2832
2901 3857
2924 3041
2996 3008
3043 3843
3049 3251
3094 3232
3103 3208
3116 3136
3188 3203
3334 3755
3341 3353
3363 3704
3435 3678
3531 3638
3763 3812
3764 3809
3964 4001
4005 4104
4041 4086
4049 4079
4275 4291
4298 15590
4310 15544
4327 10610
4333 4350
4353 10448
4355 10210
4412 10203
4472 4767
4492 4577
4535 4539
4712 4733
4778 4863
4888 10114
4934 4979
5040 10109
5043 5167
5046 5163
5052 5088
5213 5224
5277 5304
5324 10056
5357 5850
5363 5841
5389 5817
5486 5487
5521 5723
5626 5665
5675 5681
5853 5986
5869 5878
5920 5921
5923 5925
5954 5967
5993 10037
6104 10021
6108 9918
6111 6119
6150 6300
6221 6247
6265 6269
6303 6425
6312 6421
6322 6377
6429 6436
6441 9900
6446 6575
6453 6465
6467 6521
6473 6474
6592 9858
6593 9332
6601 6665
6614 6625
6695 9067
6703 6745
6763 6801
6770 6789
6781 6783
6812 9047
6836 6937
6854 6906
6959 6981
6985 8958
6991 7502
7076 7489
7115 7139
7126 7131
7141 7145
7147 7379
7227 7331
7527 8924
7535 8709
7546 8298
7601 7691
7626 7634
7659 7677
7716 7764
7773 8169
7824 7902
7835 7871
7913 8069
7956 8044
7968 7980
8095 8165
8178 8279
8189 8241
8195 8231
8205 8210
8311 8700
8313 8681
8341 8451
8349 8364
8366 8378
8453 8619
8470 8591
8479 8547
8787 8885
8963 8981
8985 9001
9083 9280
9101 9125
9145 9236
9169 9172
9194 9229
9349 9455
9359 9384
9367 9383
9402 9437
9460 9850
9472 9848
9533 9828
9550 9753
9560 9690
9594 9630
9720 9726
9729 9744
9766 9772
9785 9804
9880 9881
9913 9917
9937 10013
10168 10183
10222 10299
10230 10287
10334 10338
10341 10345
10367 10436
10379 10386
10424 10427
10452 10581
10495 10497
10502 10512
10544 10571
10620 14524
10654 10678
10666 10668
10717 14422
10758 14384
10771 10827
10862 14366
10894 13941
10899 10911
10919 10932
10976 13850
11009 13829
11016 13797
11024 11172
11051 11089
11053 11068
11245 13353
11272 11320
11303 11308
11343 11372
11377 13348
11383 12563
11456 12559
11526 12446
11586 12421
11594 11611
11619 11631
11634 11666
11655 11662
11696 11987
11704 11857
11715 11853
11732 11841
11749 11796
11867 11907
11881 11895
11908 11920
12002 12420
12030 12373
12042 12045
12075 12143
12092 12117
12120 12142
12150 12158
12185 12369
12190 12256
12298 12305
12311 12345
12375 12399
12480 12513
12526 12552
12575 13342
12610 12694
12635 12685
12656 12670
12711 13323
12731 12783
12837 13217
12840 12978
12887 12900
12911 12933
12994 13144
13008 13021
13025 13029
13031 13086
13087 13124
13090 13111
13172 13192
13256 13283
13381 13757
13408 13548
13411 13418
13426 13520
13428 13474
13561 13576
13569 13575
13582 13603
13652 13713
13696 13697
13891 13925
13953 13982
13967 13969
14004 14025
14030 14360
14052 14308
14062 14238
14077 14088
14127 14181
14152 14166
14183 14228
14278 14287
14385 14413
14436 14461
14539 15043
14548 14624
14597 14598
14654 14896
14675 14730
14707 14715
14717 14725
14742 14851
14749 14772
14790 14839
14823 14831
14935 14949
14952 14953
15006 15033
15022 15024
15088 15327
15115 15199
15117 15194
15219 15222
15245 15269
15305 15326
15341 15532
15373 15440
15454 15464
15491 15527
15551 15569
15599 15631
15601 15602
15637 15679
15695 15740
15769 16552
15773 16476
15840 16448
15850 15868
15889 15900
15919 15923
15943 16423
15965 16063
15971 16061
16003 16050
16009 16013
16037 16043
16083 16416
16114 16131
16133 16342
16162 16327
16213 16309
16263 16289
16343 16395
16361 16392
16374 16375
16477 16480
16482 16543
16576 16581
16651 16693
16694 16790
16700 16728
16735 16740
16772 16777
16817 16992
16836 16868
16904 16971
16905 16955
17025 17203
17102 17107
17128 17166
17167 17194
17212 17736
17230 17735
17279 17301
17317 17497
17321 17451
17351 17440
17375 17379
17469 17494
17527 17532
17543 17619
17623 17692
17640 17661
17781 17791
17822 18160
17825 18146
17850 17881
17853 17877
17903 18121
17988 18066
18072 18090
18112 18114
18191 18475
18206 18443
18221 18324
18395 18398
18416 18438
18487 18491
18503 21656
18510 18515
18578 18611
18583 18592
18613 19513
18615 19507
18623 19325
18628 18695
18772 19301
18784 19038
18806 18869
18862 18867
18890 18904
18907 19026
18913 19019
18942 18982
18960 18975
19020 19021
19055 19239
19056 19234
19057 19182
19121 19125
19192 19199
19252 19282
19303 19318
19344 19418
19347 19412
19360 19406
19384 19385
19468 19497
19514 20877
19527 20855
19548 20290
19560 20279
19573 19992
19576 19682
19579 19612
19690 19936
19741 19767
19834 19899
19837 19887
19999 20262
20018 20214
20019 20210
20021 20043
20128 20158
20142 20154
20178 20185
20298 20546
20311 20343
20347 20520
20350 20440
20363 20383
20384 20395
20441 20465
20454 20462
20492 20512
20573 20593
20598 20825
20627 20693
20644 20683
20707 20722
20724 20751
20901 21487
20909 20921
20928 21463
20930 21308
20950 21294
20954 21272
20995 21145
21022 21035
21051 21126
21072 21076
21195 21215
21224 21271
21226 21252
21281 21287
21362 21462
21397 21405
21541 21630
21558 21578
21562 21567
21568 21576
21584 21604
21694 21764
21705 21709
21729 21750
21775 22118
21786 21790
21798 21809
21817 22089
21826 21939
21833 21903
21834 21899
21872 21874
21920 21934
21921 21925
21947 22018
22021 22088
22048 22063
22148 22153
22176 23238
22231 23213
22273 23203
22289 22310
22290 22303
22341 22368
22350 22352
22357 22362
22377 23167
22393 23154
22405 23131
22420 23095
22446 23074
22461 23065
22490 22497
22511 22664
22512 22633
22531 22535
22540 22542
22605 22621
22640 22646
22683 22794
22709 22781
22712 22718
22736 22774
22786 22787
22817 22881
22823 22825
22842 22877
22889 22978
22957 22971
23184 23202
23244 23255
23265 23363
23269 23342
23276 23303
23309 23317
23369 26978
23370 23383
23385 23513
23387 23440
23449 23498
23552 23588
23582 23583
23599 23606
23608 26968
23633 26954
23635 24056
23645 23882
23653 23873
23655 23775
23671 23725
23698 23707
23785 23828
23811 23814
23887 23943
23954 24030
23961 23962
24013 24021
24049 24050
24100 26760
24112 26603
24136 24142
24167 24236
24172 24174
24207 24221
24269 26310
24278 24287
24293 26301
24308 24318
24333 26292
24337 24341
24342 26268
24352 26238
24367 24392
24402 25755
24409 24806
24414 24805
24425 24803
24426 24466
24480 24482
24532 24799
24543 24786
24589 24591
24661 24762
24672 24760
24691 24752
24740 24749
24814 24933
24822 24914
24851 24892
24941 24943
24944 25087
24952 25072
24959 25067
24963 24993
25002 25028
25036 25059
25143 25753
25182 25196
25211 25751
25212 25739
25245 25718
25250 25482
25278 25462
25279 25311
25285 25293
25313 25316
25321 25323
25371 25434
25373 25422
25486 25497
25510 25674
25517 25553
25594 25623
25640 25658
25798 25841
25845 25861
25879 25934
25895 25916
25966 26137
25981 25998
26004 26008
26012 26052
26013 26050
26074 26105
26085 26090
26219 26230
26278 26288
26279 26281
26313 26325
26332 26345
26369 26596
26396 26530
26419 26431
26465 26520
26483 26519
26497 26512
26604 26737
26606 26732
26621 26692
26641 26675
26712 26718
26743 26749
26791 26796
26801 26843
26821 26837
26852 26853
26879 26929
26888 26927
26905 26925
26982 27051
26988 27009
27030 27046
27035 27041
27043 27044
27072 27082
27109 27299
27118 27292
27132 27285
27138 27141
27151 27182
27183 27214
27186 27194
27247 27261
27266 27271
27311 27312
27346 27724
27349 27707
27388 27396
27414 27695
27434 27666
27441 27495
27527 27630
27528 27531
27533 27544
27557 27624
27567 27570
27588 27605
27725 27745
27751 28018
27797 28016
27798 27995
27800 27884
27801 27882
27815 27823
27829 27880
27857 27858
27888 27926
27930 27989
27941 27962
27951 27955
27963 27973
28008 28011
28061 28127
28067 28126
28077 28080
28084 28111
28095 28109
28144 28146
28166 28267
28175 28233
28272 28814
28281 28813
28284 28739
28285 28472
28291 28411
28295 28407
28307 28360
28310 28319
28330 28347
28376 28406
28382 28393
28386 28389
28396 28401
28433 28460
28474 28736
28486 28519
28541 28623
28552 28581
28591 28593
28595 28621
28624 28646
28625 28642
28648 28728
28650 28723
28662 28710
28668 28690
28677 28683
28746 28802
28749 28787
28758 28771
28774 28784
28815 28818
28852 28853
28854 28889
28892 28964
28913 28931
28981 29421
28998 29086
29005 29027
29047 29066
29093 29414
29109 29121
29124 29344
29177 29190
29206 29315
29211 29314
29220 29293
29227 29258
29231 29251
29266 29287
29294 29302
29322 29334
29349 29369
29356 29361
29375 29392
29452 29453
29455 29459
29471 33257
29474 33238
29475 30013
29501 30012
29508 29977
29522 29963
29532 29550
29545 29548
29559 29658
29572 29611
29574 29599
29581 29598
29662 29915
29669 29734
29678 29686
29701 29712
29723 29731
29745 29751
29753 29807
29758 29798
29770 29774
29782 29783
29813 29851
29878 29887
29926 29961
29964 29968
29978 29992
29999 30011
30017 30025
30047 33235
30059 30720
30074 30143
30084 30090
30102 30105
30139 30142
30159 30718
30162 30164
30186 30199
30200 30268
30232 30242
30276 30717
30277 30303
30283 30288
30317 30394
30334 30383
30341 30354
30399 30489
30401 30424
30427 30435
30456 30463
30468 30486
30501 30552
30503 30526
30536 30544
30554 30598
30561 30587
30563 30569
30567 30568
30603 30617
30632 30667
30642 30662
30673 30713
30684 30685
30697 30706
30726 33222
30736 30738
30763 30947
30772 30923
30776 30884
30786 30806
30810 30868
30841 30843
30857 30859
30929 30935
30965 33219
30971 30982
31006 33212
31018 33191
31021 31038
31043 33154
31044 33110
31048 33108
31050 31057
31062 31151
31068 31099
31113 31120
31126 31129
31167 31203
31168 31189
31196 31198
31208 33090
31209 32132
31237 32116
31239 32089
31242 32055
31247 32053
31250 32003
31277 31283
31307 31820
31312 31669
31333 31344
31375 31579
31377 31435
31403 31416
31419 31434
31441 31498
31479 31495
31522 31562
31598 31652
31675 31677
31683 31816
31706 31788
31708 31776
31713 31717
31719 31738
31790 31805
31810 31813
31840 31845
31846 31993
31869 31887
31891 31960
31892 31916
31920 31926
32014 32027
32057 32060
32143 32145
32194 33075
32202 32257
32263 33068
32268 32935
32280 32369
32292 32358
32314 32316
32323 32330
32380 32391
32381 32389
32393 32411
32440 32443
32446 32922
32464 32602
32493 32588
32528 32538
32606 32921
32676 32909
32685 32765
32727 32756
32731 32741
32821 32879
32912 32920
32947 32987
