6300322520
31 37
95 350
98 216
106 197
159 174
285 324
353 366
402 658
426 636
489 634
545 609
665 668
698 734
754 756
757 1001
767 978
784 904
790 806
827 884
828 872
852 855
1027 1166
1036 1164
1187 1331
1235 1318
1322 1326
1387 21075
1417 21002
1515 1604
1542 1573
1624 19362
1671 1690
1706 19084
1739 19065
1746 1747
1755 1767
1769 1921
1771 1829
1776 1784
1786 1827
1866 1903
1933 1973
1992 18950
1993 2071
2075 18866
2080 2093
2096 18862
2119 18831
2135 2136
2141 18807
2155 18741
2168 2352
2172 2206
2229 2264
2280 2332
2401 2601
2466 2600
2477 2481
2494 2534
2542 2559
2561 2580
2612 18668
2640 3640
2652 2676
2699 3325
2818 2955
2820 2836
2846 2929
2894 2910
3034 3167
3040 3044
3113 3139
3148 3159
3260 3293
3267 3276
3375 3601
3379 3578
3381 3565
3390 3498
3404 3487
3434 3435
3642 3806
3663 3694
3664 3689
3729 3752
3776 3778
3845 4533
3875 4074
3884 3908
3944 3967
3969 3994
4088 4335
4102 4274
4131 4250
4144 4249
4167 4214
4168 4180
4391 4529
4396 4410
4413 4510
4434 4479
4535 18587
4544 18544
4545 18542
4590 18492
4593 18473
4668 18216
4682 4683
4689 4840
4696 4833
4699 4823
4700 4764
4841 4854
4886 4946
4964 16655
4984 4985
4999 5014
5019 16627
5085 5350
5192 5315
5239 5251
5261 5265
5364 16623
5403 16548
5446 5507
5465 5498
5508 5512
5518 5554
5565 5573
5596 5622
5603 5605
5645 10846
5655 10306
5663 10242
5672 6194
5715 5805
5762 5775
5849 6174
5878 6122
5886 6058
5933 6019
5972 5980
6206 10163
6212 6241
6257 10152
6286 6859
6289 6773
6295 6425
6296 6410
6300 6374
6426 6619
6465 6539
6709 6729
6837 6851
6860 10101
6878 7354
6934 7188
6979 7113
7015 7043
7044 7062
7078 7104
7146 7157
7229 7231
7234 7240
7243 7304
7249 7300
7375 10026
7395 10015
7398 9785
7406 7626
7450 7465
7544 7610
7570 7592
7630 7639
7645 7666
7725 8377
7733 7793
7755 7777
7797 7808
7809 8354
7814 8307
7855 8298
7862 7901
7885 7896
7932 7943
7953 8169
7971 8051
7978 7991
8001 8016
8059 8146
8098 8115
8141 8142
8171 8275
8196 8231
8284 8290
8379 8396
8406 8557
8417 8528
8462 8498
8535 8552
8610 9641
8643 8858
8667 8786
8716 8768
8717 8741
8797 8834
8861 9597
8901 9503
8914 8921
8993 9457
9036 9378
9038 9058
9069 9365
9098 9138
9153 9259
9167 9256
9266 9361
9436 9453
9522 9594
9548 9582
9643 9743
9696 9698
9817 9972
9889 9970
10048 10094
10197 10227
10350 10440
10405 10409
10472 10478
10484 10576
10508 10557
10581 10761
10660 10682
10692 10706
10729 10735
10771 10801
10946 10978
11060 16536
11084 11109
11184 16527
11248 11319
11263 11285
11294 11298
11364 15299
11390 15269
11580 15132
11600 12378
11616 11944
11675 11938
11688 11722
11752 11900
11763 11849
11764 11802
11766 11767
11776 11798
11948 12367
11955 12269
11958 12252
11980 12163
11989 12066
12211 12229
12295 12305
12381 12384
12398 15131
12456 14786
12458 14772
12465 14741
12477 12933
12490 12502
12507 12881
12517 12748
12554 12735
12571 12594
12665 12711
12795 12835
12811 12818
12883 12932
12970 14260
13023 14234
13067 13110
13073 13089
13095 13099
13125 14225
13163 13174
13201 14172
13220 13334
13242 13251
13252 13312
13259 13305
13261 13265
13357 14133
13365 13451
13368 13419
13459 13811
13495 13785
13524 13632
13593 13594
13663 13702
13714 13772
13718 13755
13721 13745
13896 13942
13943 13967
14052 14053
14077 14082
14087 14095
14183 14217
14268 14720
14281 14666
14345 14577
14406 14571
14435 14439
14445 14475
14485 14555
14486 14547
14590 14602
14633 14636
14654 14664
14674 14691
14685 14687
14789 14819
14805 14809
14822 15125
14823 15107
14853 14855
14860 14969
14865 14962
14868 14874
14901 14920
14972 15045
15072 15084
15136 15141
15161 15191
15197 15200
15205 15253
15281 15282
15301 15989
15337 15754
15439 15443
15467 15745
15468 15551
15479 15496
15519 15528
15674 15678
15825 15988
15905 15912
15916 15927
15946 15951
15974 15985
16020 16504
16027 16301
16072 16292
16128 16256
16168 16232
16182 16231
16281 16290
16306 16338
16379 16455
16616 16622
16628 16644
16678 17053
16717 17018
16749 16772
16766 16770
16819 16962
16822 16823
16853 16862
16863 16956
16867 16916
16985 17011
16986 16999
17064 17702
17090 17100
17101 17126
17110 17113
17142 17465
17222 17352
17226 17317
17249 17288
17374 17462
17502 17693
17537 17545
17635 17684
17642 17659
17713 18116
17754 17786
17821 17897
17904 18087
17911 18022
17924 17929
17933 17952
17977 18017
17996 18010
18096 18106
18139 18165
18149 18155
18322 18324
18342 18432
18363 18421
18378 18412
18436 18449
18451 18456
18511 18540
18555 18574
18642 18643
18687 18736
18695 18697
18897 18921
18962 18970
18987 19048
18989 19034
19156 19180
19182 19356
19194 19206
19211 19302
19245 19272
19291 19293
19364 20967
19418 19568
19438 19553
19480 19506
19545 19550
19579 19704
19590 19679
19719 19740
19777 20950
19805 20727
19811 20683
19831 20630
19896 20013
19914 20000
20038 20153
20167 20596
20187 20575
20229 20230
20260 20364
20261 20263
20270 20300
20320 20335
20434 20569
20729 20834
20786 20830
20846 20857
20975 20978
21017 21060
21041 21043
21085 21322
21111 21317
21113 21302
21125 21289
21138 21162
21153 21154
21189 21284
21214 21280
21225 21268
21230 21231
21245 21267
21310 21311
21333 21361
21334 21354
21371 21372
21389 21394
21418 21424
21430 21848
21434 21825
21505 21794
21539 21784
21550 21734
21564 21716
21570 21622
21576 21617
21591 21598
21625 21678
21651 21668
21815 21821
21828 21843
21890 22041
21896 22024
21971 21979
21994 22003
22043 22047
22054 22178
22060 22080
22095 22126
22191 22212
22235 22237
22241 22266
22282 22299
22325 22370
22326 22333
22373 24526
22376 24265
22381 24262
22395 22520
22456 22507
22478 22489
22521 23478
22529 22541
22545 22658
22558 22577
22618 22646
22665 23475
22667 22671
22677 23446
22734 22739
22744 22763
22774 22775
22777 23087
22782 22801
22818 22819
22823 22899
22841 22898
22918 22981
23004 23015
23089 23405
23111 23123
23125 23394
23166 23236
23206 23208
23213 23221
23266 23306
23277 23294
23335 23393
23377 23381
23418 23441
23453 23474
23469 23472
23497 24256
23498 23611
23504 23510
23524 23606
23544 23586
23615 23671
23680 23744
23682 23709
23748 24242
23780 23852
23818 23844
23828 23836
23873 24139
23874 23884
23905 24069
23907 24044
23922 24015
23930 23988
24005 24014
24033 24043
24089 24121
24145 24151
24156 24236
24158 24159
24165 24220
24203 24206
24207 24215
24293 24318
24336 24339
24341 24516
24366 24388
24382 24383
24464 24471
24474 24515
24544 33280
24554 33261
24598 33254
24621 24840
24630 24709
24639 24656
24662 24663
24672 24687
24689 24704
24720 24829
24743 24816
24746 24782
24766 24774
24770 24773
24797 24810
24813 24814
24862 24866
24870 33252
24871 24876
24884 33239
24949 28942
24975 28797
24983 25048
24989 25046
25012 25033
25055 25094
25058 25076
25081 25084
25157 28789
25162 28768
25210 28766
25219 28693
25231 28601
25250 25268
25251 25253
25272 28517
25286 28512
25291 25326
25348 25349
25356 25359
25380 25393
25424 28497
25437 25478
25459 25471
25499 27124
25507 25534
25543 25549
25553 27120
25554 27116
25583 25594
25660 25662
25710 27112
25712 27101
25730 25825
25738 25740
25742 25819
25753 25809
25756 25765
25830 25852
25912 25971
25945 25950
25973 27053
25983 25997
26011 26100
26017 26032
26019 26023
26061 26081
26079 26080
26112 26128
26148 26153
26157 26302
26193 26246
26230 26236
26249 26301
26293 26298
26304 26328
26330 26970
26343 26898
26363 26413
26364 26378
26392 26395
26421 26431
26440 26539
26441 26471
26505 26530
26575 26883
26619 26860
26621 26642
26624 26639
26647 26779
26661 26777
26669 26682
26697 26739
26787 26839
26899 26919
26932 26967
26974 27017
26989 27007
27026 27044
27055 27071
27084 27093
27102 27109
27126 27385
27137 27244
27142 27151
27160 27232
27163 27172
27164 27165
27260 27302
27272 27295
27315 27361
27326 27327
27400 27413
27437 27438
27440 28494
27479 28355
27485 27590
27492 27564
27504 27533
27510 27520
27542 27543
27548 27558
27551 27556
27611 28344
27613 28223
27635 27642
27651 28214
27658 27691
27710 28204
27735 28158
27746 28051
27747 27773
27775 28022
27778 28012
27781 28000
27790 27793
27801 27964
27805 27812
27818 27836
27861 27868
27871 27886
27889 27913
27890 27891
27899 27908
27920 27931
27957 27961
27972 27973
28055 28122
28076 28086
28095 28102
28159 28162
28224 28332
28228 28327
28234 28271
28241 28261
28290 28304
28291 28292
28321 28326
28357 28370
28377 28395
28400 28490
28427 28465
28521 28589
28527 28556
28624 28690
28640 28650
28666 28680
28699 28722
28848 28928
28850 28856
28869 28872
28886 28890
28897 28906
28945 33220
28961 28985
28990 33199
28992 29025
29048 33171
29049 33150
29050 29102
29065 29095
29067 29090
29068 29080
29103 33146
29108 29256
29125 29132
29128 29129
29160 29167
29164 29165
29169 29229
29172 29212
29175 29190
29182 29183
29237 29253
29250 29251
29264 33132
29274 33095
29294 29475
29299 29388
29309 29386
29338 29373
29420 29468
29432 29437
29481 33091
29499 33061
29515 32967
29526 31123
29529 29543
29548 31122
29552 31051
29560 30818
29573 29575
29579 29646
29598 29623
29664 29682
29696 30816
29706 29710
29731 30809
29755 29762
29781 29782
29808 30796
29825 30778
29851 30751
29869 29924
29891 29914
29898 29909
29930 29979
29935 29940
29969 29977
29970 29975
29998 30032
30003 30015
30038 30045
30057 30742
30066 30076
30073 30075
30096 30101
30119 30739
30130 30718
30134 30704
30135 30685
30150 30642
30164 30260
30170 30183
30171 30179
30185 30256
30202 30213
30235 30239
30240 30252
30270 30285
30287 30633
30295 30606
30301 30589
30303 30574
30320 30329
30340 30374
30351 30360
30379 30564
30380 30514
30390 30444
30396 30425
30467 30480
30505 30513
30516 30519
30534 30538
30549 30550
30565 30566
30608 30620
30651 30655
30676 30678
30755 30766
30781 30787
30812 30815
30831 30976
30840 30968
30842 30918
30855 30861
30864 30877
30893 30901
30934 30962
30946 30961
30954 30960
30980 31044
30993 31022
30996 31018
31045 31047
31057 31059
31060 31076
31064 31071
31078 31091
31124 31151
31189 31190
31197 32918
31206 31246
31214 31239
31222 31227
31251 31270
31257 31266
31272 32867
31275 32855
31296 31665
31307 31624
31316 31474
31321 31326
31330 31336
31375 31452
31379 31423
31381 31382
31498 31524
31563 31595
31596 31609
31684 32849
31687 32843
31689 32786
31711 31715
31735 32776
31742 32774
31784 31807
31824 31835
31836 31852
31868 32290
31879 32285
31890 31910
31920 32260
31923 31944
31953 31954
31977 32240
32035 32234
32038 32049
32071 32115
32072 32100
32073 32081
32131 32233
32152 32225
32177 32204
32269 32272
32344 32346
32363 32382
32392 32400
32449 32755
32463 32730
32467 32521
32473 32488
32550 32574
32578 32721
32624 32658
32629 32633
32695 32706
