2216388203
54 134
65 72
135 398
150 385
186 259
204 226
209 210
264 275
359 377
421 835
456 786
515 584
551 557
590 701
599 618
635 644
655 671
739 758
743 757
870 876
914 1014
918 977
1015 1021
1025 2329
1034 2318
1107 2305
1277 1999
1279 1296
1329 1331
1447 1460
1470 1517
1474 1498
1538 1672
1569 1670
1580 1612
1581 1603
1614 1638
1684 1711
1707 1709
1764 1965
1796 1830
1837 1843
1856 1865
1877 1948
2029 2194
2091 2133
2355 2366
2383 2384
2475 2556
2583 2685
2695 2727
2700 2720
2765 2779
2781 2807
2813 3068
2821 2832
2869 3033
2878 2939
2968 3012
3069 3104
3162 3213
3166 3190
3243 3257
3268 3313
3291 3309
3323 3336
3352 3513
3377 3456
3417 3452
3549 3580
3591 3626
3660 3899
3670 3883
3688 3726
3746 3816
3768 3769
3935 3959
3971 4037
4078 4265
4133 4164
4215 4236
4312 4331
4370 4442
4389 4431
4452 4809
4454 4768
4461 4757
4507 4752
4589 4610
4619 4720
4780 4783
4839 4847
4891 24759
4898 24756
4909 11054
4954 10960
4971 10888
5004 5148
5041 5069
5057 5064
5075 5132
5162 6865
5176 5181
5220 6863
5243 5269
5270 5509
5288 5316
5549 6810
5575 5640
5611 5624
5659 6617
5665 6602
5683 6577
5693 5857
5696 5819
5699 5709
5715 5792
5756 5791
5880 6462
5884 6421
5919 6117
5932 6002
5945 5973
6006 6035
6057 6106
6242 6370
6243 6257
6265 6342
6274 6282
6465 6575
6731 6743
6751 6774
6875 10862
6929 10837
6967 6974
6981 10663
7009 7034
7035 7112
7139 7225
7149 7168
7246 7352
7304 7335
7360 7638
7380 7400
7397 7398
7402 7540
7410 7538
7415 7497
7428 7458
7434 7443
7516 7519
7561 7571
7622 7623
7651 10657
7665 10631
7671 9469
7697 9433
7724 7730
7769 8005
7786 7874
7804 7817
7891 7900
7901 7903
7912 7941
8036 8045
8058 8217
8092 8194
8109 8187
8125 8140
8146 8148
8237 8258
8238 8255
8324 9210
8441 9051
8516 9044
8529 8534
8542 8983
8550 8822
8584 8598
8602 8794
8607 8788
8612 8711
8638 8684
8640 8645
8720 8731
8753 8770
9029 9038
9105 9121
9124 9139
9236 9419
9246 9298
9289 9294
9325 9404
9331 9397
9389 9391
9441 9446
9490 10615
9503 9684
9545 9655
9579 9631
9608 9624
9786 10309
9791 10016
9827 9832
9842 9935
9854 9903
9951 9980
9986 9992
10147 10170
10209 10251
10325 10326
10345 10394
10368 10369
10490 10505
10515 10543
10664 10704
10667 10671
10714 10733
10718 10722
10763 10830
10771 10781
10868 10877
11009 11022
11011 11019
11074 18659
11084 11290
11165 11169
11186 11195
11210 11288
11269 11286
11331 11578
11371 11511
11415 11502
11587 15534
11635 11638
11659 15533
11702 15497
11717 15265
11724 15255
11854 15249
11870 15213
11878 11879
11880 11928
11933 11938
11981 15202
11998 15189
12022 13927
12025 13790
12050 12056
12075 12076
12135 12305
12175 12180
12185 12203
12222 12241
12250 12253
12291 12292
12366 13704
12388 13685
12389 13665
12454 12469
12497 12501
12513 13632
12514 12937
12522 12562
12579 12850
12610 12750
12632 12681
12757 12784
12807 12845
12815 12825
12872 12921
12889 12910
12939 13591
12970 12988
12994 13023
12995 12996
13040 13044
13056 13547
13086 13442
13094 13095
13115 13117
13121 13427
13134 13162
13139 13147
13220 13285
13319 13391
13355 13361
13445 13521
13475 13497
13549 13564
13800 13809
13812 13924
13938 14954
13959 14740
13976 14506
13987 14002
14024 14041
14070 14469
14080 14442
14139 14354
14141 14352
14262 14273
14518 14701
14522 14553
14580 14594
14618 14695
14646 14648
14668 14692
14679 14682
14750 14923
14761 14868
14824 14840
14872 14915
14877 14904
14989 14992
15047 15048
15062 15096
15135 15176
15270 15469
15309 15460
15325 15390
15344 15371
15439 15440
15475 15493
15535 18285
15546 16905
15550 15554
15564 15828
15566 15824
15581 15775
15582 15667
15587 15656
15688 15744
15798 15801
15860 16153
15864 15962
15867 15919
15879 15917
15942 15946
15990 16023
16076 16087
16097 16134
16167 16201
16180 16186
16219 16679
16226 16562
16229 16282
16234 16255
16315 16396
16348 16363
16401 16529
16405 16465
16408 16441
16411 16436
16565 16654
16683 16904
16696 16803
16726 16745
16809 16848
16925 16948
16950 18267
16982 17093
17014 17073
17048 17062
17119 18237
17131 17172
17217 18172
17232 18142
17240 18108
17245 17319
17246 17256
17269 17272
17351 18107
17405 17438
17467 17957
17489 17504
17510 17924
17512 17824
17514 17796
17526 17550
17565 17568
17574 17729
17586 17629
17642 17665
17767 17790
17846 17912
17990 18006
18014 18102
18034 18036
18066 18074
18291 18601
18349 18398
18357 18387
18400 18407
18408 18433
18510 18550
18531 18546
18559 18576
18667 18962
18759 18838
18798 18827
18828 18833
18844 18957
18852 18875
18917 18950
18935 18943
19004 24739
19061 19062
19067 24655
19080 19222
19088 19130
19150 19208
19189 19195
19226 19280
19292 19700
19305 19378
19363 19365
19414 19459
19486 19534
19510 19528
19573 19596
19599 19618
19643 19649
19706 19839
19720 19743
19730 19735
19810 19816
19859 19874
19897 24498
19932 24448
19949 24425
19968 19979
19983 19998
20009 20015
20016 23937
20034 20389
20040 20169
20079 20149
20162 20166
20188 20343
20210 20289
20217 20227
20231 20232
20253 20270
20306 20315
20391 23924
20415 23902
20430 23882
20444 22281
20460 22206
20466 20543
20481 20518
20547 22172
20549 20860
20564 20815
20596 20642
20654 20660
20697 20736
20705 20729
20755 20807
20886 20901
20903 21153
20936 21070
20961 21046
20981 21010
21022 21025
21035 21044
21054 21068
21097 21150
21154 21230
21233 21665
21243 21663
21245 21624
21275 21596
21342 21568
21349 21561
21371 21557
21394 21485
21426 21450
21476 21483
21527 21541
21671 22165
21704 21797
21710 21763
21735 21761
21782 21791
21848 22119
21866 21883
21898 21900
21925 22079
21956 22071
21995 22049
22087 22103
22173 22194
22202 22203
22215 22242
22295 23870
22316 22635
22325 22330
22331 22542
22362 22520
22387 22469
22408 22460
22416 22428
22443 22448
22473 22515
22543 22546
22555 22564
22590 22601
22602 22622
22663 22683
22687 23867
22711 23861
22739 23845
22787 23780
22803 22804
22806 22830
22841 23699
22884 23652
22896 23596
22912 22922
22915 22920
22945 23080
22953 23008
22987 23000
23012 23077
23018 23068
23020 23031
23092 23582
23104 23465
23111 23114
23157 23320
23170 23298
23202 23234
23209 23230
23242 23282
23253 23281
23329 23415
23338 23402
23343 23400
23377 23387
23424 23440
23449 23452
23502 23573
23515 23535
23616 23617
23635 23646
23711 23736
23801 23806
23961 24418
23968 23986
23999 24401
24012 24187
24019 24184
24040 24074
24108 24131
24150 24176
24152 24163
24158 24160
24198 24396
24239 24393
24255 24323
24326 24343
24335 24342
24364 24385
24430 24447
24469 24496
24478 24484
24485 24491
24519 24603
24533 24586
24535 24551
24552 24567
24598 24599
24621 24633
24634 24648
24662 24673
24700 24733
24711 24727
24776 24849
24792 24820
24797 24819
24808 24809
24857 24873
24889 26113
24892 24905
24915 25489
24933 25083
24939 24940
24947 25072
24959 24978
24996 25000
25043 25065
25102 25120
25110 25114
25115 25117
25136 25185
25189 25486
25197 25431
25207 25229
25218 25227
25247 25252
25262 25429
25265 25327
25276 25283
25294 25296
25361 25380
25370 25377
25394 25428
25442 25456
25478 25480
25505 26103
25553 25576
25554 25562
25578 25965
25595 25860
25605 25611
25623 25779
25631 25761
25635 25644
25658 25659
25664 25760
25785 25859
25790 25800
25863 25881
25883 25944
25887 25936
25910 25933
25927 25930
25967 26049
25981 26024
26030 26039
26043 26048
26063 26090
26137 26150
26175 26182
26200 26215
26241 26243
26248 26585
26260 26584
26273 26578
26277 26386
26280 26385
26319 26380
26324 26363
26405 26466
26436 26449
26442 26448
26477 26554
26495 26514
26528 26544
26591 26592
26596 26603
26605 27106
26612 26768
26617 26764
26644 26720
26656 26707
26669 26672
26676 26682
26695 26704
26735 26741
26784 27100
26797 26819
26823 27099
26824 26897
26859 26889
26861 26880
26914 27096
26916 27064
26925 27058
26958 27047
26970 26973
26998 27042
27003 27041
27107 27210
27112 27169
27125 27150
27131 27133
27181 27202
27223 33330
27226 27283
27285 33296
27313 33262
27339 33258
27349 27355
27368 27372
27387 33254
27397 33231
27404 27410
27413 27617
27428 27477
27439 27470
27485 27510
27489 27506
27521 27545
27548 27607
27565 27595
27571 27588
27677 33226
27696 33220
27701 33219
27703 27888
27737 27743
27752 27755
27767 27815
27792 27799
27843 27850
27893 33213
27907 27930
27918 27925
27940 33204
27957 33168
27970 33166
27978 33165
27980 27988
28003 33161
28024 28041
28049 33159
28068 33128
28084 33108
28097 33107
28098 33064
28104 33046
28121 28149
28158 28262
28162 28192
28208 28246
28269 33040
28281 33033
28285 28287
28295 28301
28308 33031
28316 28556
28339 28340
28394 28402
28449 28546
28457 28527
28471 28525
28565 28575
28591 33023
28617 32991
28625 28999
28653 28758
28668 28699
28686 28695
28755 28756
28759 28909
28781 28901
28788 28801
28814 28820
28836 28844
28864 28869
28879 28898
28938 28953
28957 28959
29001 32974
29012 32919
29013 29016
29033 32550
29041 32511
29050 29051
29076 32443
29082 31243
29084 31209
29090 29094
29097 31201
29123 29125
29126 31022
29142 30902
29143 29199
29160 29172
29186 29198
29266 29685
29280 29285
29287 29624
29302 29415
29311 29321
29342 29344
29356 29411
29369 29395
29389 29391
29438 29447
29452 29551
29463 29511
29472 29473
29488 29499
29555 29578
29556 29565
29580 29587
29583 29585
29606 29608
29627 29635
29648 29660
29681 29682
29696 30823
29702 29898
29713 29718
29720 29753
29726 29751
29733 29748
29759 29870
29770 29778
29795 29855
29876 29882
29892 29894
29904 29936
29905 29909
29928 29930
29947 29956
29960 30022
29970 29978
29982 30009
30000 30005
30037 30814
30050 30193
30057 30061
30081 30185
30105 30182
30126 30134
30151 30174
30201 30431
30204 30206
30239 30356
30245 30309
30250 30292
30265 30276
30297 30300
30301 30302
30335 30345
30348 30354
30381 30407
30410 30424
30433 30477
30434 30469
30437 30440
30482 30782
30495 30777
30512 30773
30526 30759
30538 30755
30544 30711
30551 30708
30554 30585
30594 30607
30621 30669
30625 30643
30671 30691
30719 30720
30741 30746
30788 30801
30835 30900
30837 30872
30853 30863
30874 30877
30890 30895
30913 31014
30918 30923
30924 30969
30926 30950
30934 30935
30936 30943
30953 30968
30970 30977
31029 31151
31059 31147
31072 31096
31107 31124
31136 31146
31165 31181
31213 31235
31262 32376
31269 32368
31281 31331
31290 31318
31299 31306
31308 31309
31332 31361
31346 31360
31369 32296
31372 32267
31377 31389
31390 31393
31402 32242
31414 31446
31448 31483
31452 31455
31486 32162
31488 31912
31497 31739
31518 31520
31521 31522
31571 31727
31579 31607
31627 31629
31662 31685
31663 31683
31679 31681
31690 31720
31743 31848
31748 31831
31772 31819
31776 31795
31856 31899
31859 31884
31870 31876
31916 31920
31972 32061
31981 32015
32074 32087
32095 32147
32164 32181
32189 32230
32204 32225
32272 32294
32311 32328
32322 32326
32353 32354
32391 32399
32462 32483
32516 32529
32560 32918
32563 32721
32574 32717
32580 32684
32625 32633
32739 32753
32785 32912
32834 32890
32838 32853
32864 32887
