611483763
7 189
13 186
35 74
146 163
164 181
194 715
217 618
289 440
348 392
395 436
404 432
467 512
789 808
804 807
881 1055
893 1041
1071 1133
1134 1184
1139 1163
1233 1309
1255 1279
1329 1446
1333 1435
1338 1369
1485 1895
1557 1561
1571 1872
1597 1634
1703 1714
1770 1815
1903 1922
1948 2001
2022 8171
2074 8161
2108 6391
2133 6357
2141 2170
2177 6334
2224 6275
2247 5882
2298 2651
2341 2622
2367 2490
2399 2476
2413 2431
2623 2630
2663 5812
2688 5777
2692 5726
2719 2733
2741 3459
2750 3433
2761 2794
2809 2881
2844 2851
2910 2917
2942 3344
2969 3289
2997 3210
3006 3008
3031 3185
3042 3177
3082 3088
3233 3236
3361 3370
3388 3389
3471 3494
3516 4318
3526 3531
3540 3550
3579 3736
3604 3637
3747 4316
3887 4195
3905 3956
3921 3948
4021 4087
4026 4072
4102 4108
4144 4161
4212 4259
4330 4331
4342 4372
4413 4426
4483 4570
4621 5599
4626 5152
4631 5002
4657 4677
4759 4998
4831 4990
4838 4847
4860 4869
4914 4916
4927 4974
5104 5148
5177 5518
5203 5218
5232 5496
5255 5260
5291 5415
5345 5380
5743 5746
5829 5880
5905 6175
5926 6112
5985 6034
6131 6141
6179 6216
6306 6315
6392 8068
6394 8022
6396 6459
6517 6540
6567 7518
6685 7420
6771 6778
6791 7366
6800 7350
6820 7329
6861 7286
6863 7140
6938 7018
6964 6967
7096 7098
7126 7133
7194 7204
7214 7284
7217 7235
7434 7493
7441 7453
7559 8005
7564 7609
7565 7605
7618 7931
7640 7911
7658 7735
7764 7850
7802 7847
7837 7840
7857 7886
8023 8028
8102 8151
8216 8408
8228 8235
8263 8398
8264 8370
8292 8356
8467 8571
8520 8567
8534 8539
8573 8581
8629 9152
8641 8909
8703 8857
8713 8734
8738 8767
8842 8849
8910 8912
8927 9029
8942 9015
9104 9111
9185 9193
9219 9226
9237 9332
9248 9276
9333 9334
9337 10917
9412 9413
9417 9549
9469 9529
9470 9472
9500 9513
9550 10883
9561 9902
9574 9872
9582 9813
9598 9689
9610 9619
9658 9686
9728 9805
9833 9841
9956 10009
9959 10003
9960 9961
9968 9998
10025 10043
10051 10858
10056 10819
10059 10705
10083 10677
10106 10533
10142 10518
10155 10427
10163 10423
10180 10260
10258 10259
10271 10404
10283 10285
10288 10375
10295 10300
10304 10349
10317 10326
10357 10362
10400 10402
10454 10458
10487 10516
10488 10494
10497 10509
10542 10572
10576 10586
10721 10736
10826 10835
10962 11996
10985 11930
11018 11261
11020 11074
11048 11062
11078 11179
11147 11160
11314 11322
11386 11423
11435 11495
11522 11526
11533 11650
11585 11641
11651 11696
11714 11905
11738 11882
11757 11799
11781 11794
11998 12002
12026 12054
12065 12089
12105 12227
12114 12135
12279 12285
12288 12294
12301 12697
12328 12648
12331 12643
12336 12627
12346 12582
12364 12578
12409 12535
12416 12503
12426 12498
12431 12493
12435 12441
12459 12491
12537 12555
12557 12572
12607 12626
12664 12677
12704 12732
12714 12729
12739 12751
12793 12851
12862 12878
12879 12884
12925 12936
12951 12991
13015 13019
13031 13100
13133 13140
13188 13316
13201 13246
13219 13243
13338 13472
13339 13451
13340 13361
13363 13433
13409 13413
13489 13525
13493 13515
13548 13833
13573 13584
13617 13764
13624 13645
13662 13749
13834 14025
13988 14021
14043 14087
14121 14158
14130 14133
14196 14204
14211 14256
14224 14246
14283 14290
14328 14428
14330 14363
14372 14374
14379 14394
14442 15147
14479 14586
14481 14492
14502 14524
14543 14558
14587 15099
14618 14675
14698 14725
14729 15055
14747 15013
14748 15002
14772 14962
14789 14808
14858 14887
15027 15044
15135 15136
15212 15303
15240 15246
15275 15286
15321 15328
15339 15690
15349 15686
15358 15637
15375 15381
15385 15447
15391 15446
15444 15445
15463 15509
15515 15552
15702 15830
15724 15799
15749 15796
15784 15786
15838 15858
15867 16907
15881 16905
15888 16898
15961 16797
15965 16771
15996 16760
16001 16030
16067 16210
16097 16149
16160 16168
16177 16195
16215 16699
16249 16669
16256 16347
16265 16335
16314 16330
16380 16390
16394 16423
16425 16431
16436 16644
16479 16604
16484 16488
16522 16528
16536 16583
16687 16690
16702 16732
16711 16713
16792 16795
16801 16841
16808 16838
16850 16861
16865 16885
16918 16930
16955 17009
17023 17203
17037 17194
17040 17160
17130 17143
17208 17282
17288 17301
17307 17314
17355 17363
17396 17408
17419 17622
17430 17599
17459 17560
17470 17473
17484 17516
17632 17635
17647 17648
17657 17690
17711 17752
17778 17786
17787 17822
17834 17860
17866 17885
17890 17891
17893 18055
17916 17962
17983 18004
18066 18291
18102 18275
18104 18132
18119 18129
18159 18195
18180 18184
18218 18224
18294 18746
18297 18741
18309 18608
18316 18328
18346 18412
18371 18408
18428 18479
18443 18464
18480 18486
18516 18536
18550 18568
18627 18680
18648 18678
18705 18711
18824 18841
18852 19107
18869 18985
18885 18976
18893 18907
18911 18937
18977 18982
18992 19024
19026 19098
19028 19096
19038 19080
19039 19079
19114 23029
19156 23017
19201 19242
19203 19232
19250 19288
19335 22983
19350 19459
19358 19362
19371 19380
19416 19440
19540 19586
19588 22962
19602 19698
19608 19670
19672 19688
19737 19743
19778 19798
19821 22664
19843 19855
19857 21496
19903 19913
19931 21422
19947 20010
19953 19965
19976 20006
20029 21139
20054 20160
20065 20094
20137 20152
20177 20924
20182 20220
20185 20191
20226 20293
20248 20285
20276 20284
20308 20684
20328 20336
20340 20343
20351 20472
20367 20381
20385 20467
20400 20412
20428 20440
20497 20672
20501 20627
20543 20609
20596 20603
20614 20626
20630 20655
20641 20646
20688 20920
20709 20818
20724 20779
20742 20764
20781 20817
20833 20867
20940 21137
20958 20996
21027 21118
21082 21104
21208 21323
21233 21239
21255 21314
21258 21282
21334 21351
21358 21365
21504 22597
21533 22554
21551 22539
21552 22500
21577 22494
21589 21592
21595 22485
21602 21616
21713 22468
21743 21769
21744 21767
21761 21763
21781 21788
21805 21817
21818 21825
21845 22188
21892 21902
21911 21916
21923 22168
21950 22067
21965 21967
21987 22006
22078 22159
22197 22305
22203 22226
22246 22263
22312 22324
22325 22326
22350 22383
22356 22362
22377 22382
22398 22430
22402 22422
22560 22580
22610 22631
22685 22959
22702 22948
22705 22714
22759 22937
22767 22789
22805 22903
22810 22844
22819 22820
22855 22873
22856 22872
22968 22974
23041 23042
23062 23132
23116 23129
23155 23216
23156 23171
23222 23258
23272 25791
23277 25678
23291 25546
23307 25507
23310 23344
23380 25393
23381 23410
23390 23395
23424 25339
23441 25294
23442 24514
23461 23781
23466 23472
23473 23483
23529 23540
23541 23662
23544 23547
23554 23593
23557 23561
23598 23646
23616 23638
23675 23686
23697 23721
23712 23716
23734 23773
23807 24510
23828 23829
23899 24505
23902 24349
23905 23940
23922 23923
23943 24166
23992 24029
24048 24088
24052 24057
24090 24163
24167 24184
24182 24183
24187 24325
24195 24221
24226 24282
24238 24272
24244 24251
24311 24314
24326 24335
24382 24457
24395 24421
24447 24448
24470 24496
24523 24646
24546 24553
24568 24623
24577 24598
24675 24731
24698 24724
24700 24719
24746 25253
24762 24802
24772 24780
24809 25230
24811 24832
24835 25167
24855 25165
24885 25161
24895 24984
24903 24976
24923 24954
24934 24940
24944 24951
24968 24970
24997 25125
25003 25112
25011 25110
25027 25093
25031 25034
25047 25088
25139 25149
25341 25354
25342 25349
25359 25367
25421 25432
25472 25486
25553 25628
25569 25610
25590 25596
25691 25773
25693 25702
25711 25721
25735 25769
25816 25997
25826 25976
25860 25947
25877 25911
25890 25898
25930 25937
26024 26042
26053 26103
26072 26078
26082 26085
26107 26542
26110 26226
26114 26137
26116 26117
26142 26146
26159 26174
26184 26215
26239 26486
26249 26315
26287 26299
26301 26306
26318 26479
26344 26406
26356 26379
26452 26458
26504 26524
26510 26520
26544 26576
26587 26597
26614 26623
26629 26634
26640 26643
26648 27665
26670 26861
26702 26738
26715 26735
26720 26733
26740 26856
26746 26809
26753 26803
26767 26795
26769 26794
26818 26836
26831 26832
26886 27661
26894 27163
26900 27160
26926 27117
26981 27105
26989 27095
27004 27024
27096 27099
27118 27120
27121 27144
27157 27158
27175 27184
27226 27610
27238 27250
27275 27396
27310 27335
27321 27331
27407 27435
27420 27426
27439 27480
27470 27479
27482 27607
27490 27518
27536 27541
27549 27559
27596 27600
27614 27658
27636 27651
27642 27645
27730 27779
27780 27815
27813 27814
27819 27827
27830 27928
27831 27837
27839 27841
27842 27857
27878 27889
27929 27930
27971 27983
27986 27996
27987 27988
27997 28093
28009 28020
28053 28083
28119 28120
28126 28136
28138 28141
28147 28167
28168 28187
28174 28186
28205 28347
28219 28256
28327 28345
28373 28374
28379 28547
28381 28540
28393 28427
28395 28400
28433 28436
28442 28525
28446 28479
28447 28449
28484 28492
28502 28516
28519 28520
28561 28576
28592 28593
28603 28622
28611 28621
28628 28638
28650 28653
28658 28665
28687 28757
28698 28725
28702 28724
28770 28786
28797 33330
28798 33326
28801 28811
28816 33266
28822 33262
28833 33259
28834 28910
28839 28899
28921 29059
28938 28992
29000 29036
29038 29043
29110 29115
29123 29130
29143 29157
29173 33245
29175 29775
29215 29625
29220 29307
29225 29295
29228 29264
29254 29262
29276 29290
29281 29288
29343 29614
29356 29419
29397 29413
29424 29558
29427 29555
29452 29477
29480 29527
29484 29517
29528 29550
29586 29601
29595 29597
29631 29768
29650 29659
29661 29681
29685 29718
29689 29697
29704 29712
29726 29738
29776 29779
29782 29810
29798 29800
29818 33237
29820 33220
29830 29867
29840 29864
29873 33188
29878 29891
29898 33179
29899 33170
29909 29937
29917 29920
29922 29933
29981 33139
29995 33128
30017 30023
30024 33117
30031 33111
30055 30177
30056 30165
30075 30085
30134 30154
30184 33097
30193 30463
30214 30462
30228 30299
30250 30290
30300 30439
30305 30385
30308 30315
30357 30379
30395 30409
30420 30431
30446 30449
30451 30453
30479 30482
30492 30570
30498 30540
30548 30569
30577 30590
30598 30619
30603 30618
30604 30608
30625 33093
30628 30629
30636 30637
30642 30892
30643 30890
30654 30866
30660 30661
30668 30723
30671 30712
30682 30688
30689 30708
30729 30848
30731 30732
30743 30806
30756 30774
30808 30810
30821 30829
30894 33087
30905 30906
30908 30912
30913 30928
30918 30920
30939 33078
30943 33062
30945 30961
30962 33057
30974 33047
30978 33044
30987 31038
30999 31034
31019 31025
31029 31030
31043 33037
31054 31056
31077 31101
31122 31131
31149 31241
31150 31238
31167 31219
31168 31173
31195 31214
31196 31209
31245 31264
31270 31292
31293 33036
31296 32996
31338 32964
31346 32929
31352 32018
31353 31843
31364 31370
31376 31837
31398 31693
31433 31434
31465 31480
31468 31473
31485 31503
31507 31595
31532 31589
31538 31552
31598 31604
31605 31641
31626 31636
31675 31677
31698 31789
31699 31708
31712 31785
31719 31779
31734 31736
31740 31750
31790 31824
31865 31877
31879 31900
31936 31997
31941 31944
31985 31995
32029 32926
32065 32068
32077 32924
32085 32907
32101 32901
32111 32898
32113 32119
32120 32885
32160 32884
32173 32179
32184 32870
32215 32863
32246 32256
32295 32856
32314 32339
32371 32854
32375 32847
32419 32833
32425 32830
32428 32821
32429 32434
32443 32817
32473 32645
32487 32522
32511 32518
32535 32623
32561 32613
32563 32569
32624 32626
32630 32637
32665 32805
32673 32679
32681 32784
32718 32728
32779 32783
